ARM GAS  C:\Users\User\AppData\Local\Temp\ccqTpoBE.s 			page 1


   1              		.syntax unified
   2              		.cpu cortex-m0plus
   3              		.fpu softvfp
   4              		.eabi_attribute 20, 1
   5              		.eabi_attribute 21, 1
   6              		.eabi_attribute 23, 3
   7              		.eabi_attribute 24, 1
   8              		.eabi_attribute 25, 1
   9              		.eabi_attribute 26, 1
  10              		.eabi_attribute 30, 1
  11              		.eabi_attribute 34, 0
  12              		.eabi_attribute 18, 4
  13              		.thumb
  14              		.syntax unified
  15              		.file	"main_cm0p.c"
  16              		.text
  17              	.Ltext0:
  18              		.cfi_sections	.debug_frame
  19              		.global	__aeabi_fadd
  20              		.global	__aeabi_fcmpge
  21              		.global	__aeabi_fsub
  22              		.global	__aeabi_f2d
  23              		.global	__aeabi_dmul
  24              		.global	__aeabi_ddiv
  25              		.global	__aeabi_d2iz
  26              		.section	.text.main,"ax",%progbits
  27              		.align	2
  28              		.global	main
  29              		.code	16
  30              		.thumb_func
  31              		.type	main, %function
  32              	main:
  33              	.LFB393:
  34              		.file 1 "main_cm0p.c"
   1:main_cm0p.c   **** /* ========================================
   2:main_cm0p.c   ****  *
   3:main_cm0p.c   ****  * Copyright YOUR COMPANY, THE YEAR
   4:main_cm0p.c   ****  * All Rights Reserved
   5:main_cm0p.c   ****  * UNPUBLISHED, LICENSED SOFTWARE.
   6:main_cm0p.c   ****  *
   7:main_cm0p.c   ****  * CONFIDENTIAL AND PROPRIETARY INFORMATION
   8:main_cm0p.c   ****  * WHICH IS THE PROPERTY OF your company.
   9:main_cm0p.c   ****  *
  10:main_cm0p.c   ****  * ========================================
  11:main_cm0p.c   **** */
  12:main_cm0p.c   **** #include "project.h"
  13:main_cm0p.c   **** #include <stdio.h>
  14:main_cm0p.c   **** 
  15:main_cm0p.c   **** int main(void)
  16:main_cm0p.c   **** {
  35              		.loc 1 16 0
  36              		.cfi_startproc
  37              		@ args = 0, pretend = 0, frame = 0
  38              		@ frame_needed = 0, uses_anonymous_args = 0
  39 0000 70B5     		push	{r4, r5, r6, lr}
  40              		.cfi_def_cfa_offset 16
  41              		.cfi_offset 4, -16
ARM GAS  C:\Users\User\AppData\Local\Temp\ccqTpoBE.s 			page 2


  42              		.cfi_offset 5, -12
  43              		.cfi_offset 6, -8
  44              		.cfi_offset 14, -4
  45              	.LBB5:
  46              	.LBB6:
  47              		.file 2 "Generated_Source\\PSoC6\\pdl\\cmsis/include/cmsis_gcc.h"
   1:Generated_Source\PSoC6\pdl\cmsis/include/cmsis_gcc.h **** /**************************************************************************//**
   2:Generated_Source\PSoC6\pdl\cmsis/include/cmsis_gcc.h ****  * @file     cmsis_gcc.h
   3:Generated_Source\PSoC6\pdl\cmsis/include/cmsis_gcc.h ****  * @brief    CMSIS compiler GCC header file
   4:Generated_Source\PSoC6\pdl\cmsis/include/cmsis_gcc.h ****  * @version  V5.0.3
   5:Generated_Source\PSoC6\pdl\cmsis/include/cmsis_gcc.h ****  * @date     16. January 2018
   6:Generated_Source\PSoC6\pdl\cmsis/include/cmsis_gcc.h ****  ******************************************************************************/
   7:Generated_Source\PSoC6\pdl\cmsis/include/cmsis_gcc.h **** /*
   8:Generated_Source\PSoC6\pdl\cmsis/include/cmsis_gcc.h ****  * Copyright (c) 2009-2017 ARM Limited. All rights reserved.
   9:Generated_Source\PSoC6\pdl\cmsis/include/cmsis_gcc.h ****  *
  10:Generated_Source\PSoC6\pdl\cmsis/include/cmsis_gcc.h ****  * SPDX-License-Identifier: Apache-2.0
  11:Generated_Source\PSoC6\pdl\cmsis/include/cmsis_gcc.h ****  *
  12:Generated_Source\PSoC6\pdl\cmsis/include/cmsis_gcc.h ****  * Licensed under the Apache License, Version 2.0 (the License); you may
  13:Generated_Source\PSoC6\pdl\cmsis/include/cmsis_gcc.h ****  * not use this file except in compliance with the License.
  14:Generated_Source\PSoC6\pdl\cmsis/include/cmsis_gcc.h ****  * You may obtain a copy of the License at
  15:Generated_Source\PSoC6\pdl\cmsis/include/cmsis_gcc.h ****  *
  16:Generated_Source\PSoC6\pdl\cmsis/include/cmsis_gcc.h ****  * www.apache.org/licenses/LICENSE-2.0
  17:Generated_Source\PSoC6\pdl\cmsis/include/cmsis_gcc.h ****  *
  18:Generated_Source\PSoC6\pdl\cmsis/include/cmsis_gcc.h ****  * Unless required by applicable law or agreed to in writing, software
  19:Generated_Source\PSoC6\pdl\cmsis/include/cmsis_gcc.h ****  * distributed under the License is distributed on an AS IS BASIS, WITHOUT
  20:Generated_Source\PSoC6\pdl\cmsis/include/cmsis_gcc.h ****  * WARRANTIES OR CONDITIONS OF ANY KIND, either express or implied.
  21:Generated_Source\PSoC6\pdl\cmsis/include/cmsis_gcc.h ****  * See the License for the specific language governing permissions and
  22:Generated_Source\PSoC6\pdl\cmsis/include/cmsis_gcc.h ****  * limitations under the License.
  23:Generated_Source\PSoC6\pdl\cmsis/include/cmsis_gcc.h ****  */
  24:Generated_Source\PSoC6\pdl\cmsis/include/cmsis_gcc.h **** 
  25:Generated_Source\PSoC6\pdl\cmsis/include/cmsis_gcc.h **** #ifndef __CMSIS_GCC_H
  26:Generated_Source\PSoC6\pdl\cmsis/include/cmsis_gcc.h **** #define __CMSIS_GCC_H
  27:Generated_Source\PSoC6\pdl\cmsis/include/cmsis_gcc.h **** 
  28:Generated_Source\PSoC6\pdl\cmsis/include/cmsis_gcc.h **** /* ignore some GCC warnings */
  29:Generated_Source\PSoC6\pdl\cmsis/include/cmsis_gcc.h **** #pragma GCC diagnostic push
  30:Generated_Source\PSoC6\pdl\cmsis/include/cmsis_gcc.h **** #pragma GCC diagnostic ignored "-Wsign-conversion"
  31:Generated_Source\PSoC6\pdl\cmsis/include/cmsis_gcc.h **** #pragma GCC diagnostic ignored "-Wconversion"
  32:Generated_Source\PSoC6\pdl\cmsis/include/cmsis_gcc.h **** #pragma GCC diagnostic ignored "-Wunused-parameter"
  33:Generated_Source\PSoC6\pdl\cmsis/include/cmsis_gcc.h **** 
  34:Generated_Source\PSoC6\pdl\cmsis/include/cmsis_gcc.h **** /* Fallback for __has_builtin */
  35:Generated_Source\PSoC6\pdl\cmsis/include/cmsis_gcc.h **** #ifndef __has_builtin
  36:Generated_Source\PSoC6\pdl\cmsis/include/cmsis_gcc.h ****   #define __has_builtin(x) (0)
  37:Generated_Source\PSoC6\pdl\cmsis/include/cmsis_gcc.h **** #endif
  38:Generated_Source\PSoC6\pdl\cmsis/include/cmsis_gcc.h **** 
  39:Generated_Source\PSoC6\pdl\cmsis/include/cmsis_gcc.h **** /* CMSIS compiler specific defines */
  40:Generated_Source\PSoC6\pdl\cmsis/include/cmsis_gcc.h **** #ifndef   __ASM
  41:Generated_Source\PSoC6\pdl\cmsis/include/cmsis_gcc.h ****   #define __ASM                                  __asm
  42:Generated_Source\PSoC6\pdl\cmsis/include/cmsis_gcc.h **** #endif
  43:Generated_Source\PSoC6\pdl\cmsis/include/cmsis_gcc.h **** #ifndef   __INLINE
  44:Generated_Source\PSoC6\pdl\cmsis/include/cmsis_gcc.h ****   #define __INLINE                               inline
  45:Generated_Source\PSoC6\pdl\cmsis/include/cmsis_gcc.h **** #endif
  46:Generated_Source\PSoC6\pdl\cmsis/include/cmsis_gcc.h **** #ifndef   __STATIC_INLINE
  47:Generated_Source\PSoC6\pdl\cmsis/include/cmsis_gcc.h ****   #define __STATIC_INLINE                        static inline
  48:Generated_Source\PSoC6\pdl\cmsis/include/cmsis_gcc.h **** #endif
  49:Generated_Source\PSoC6\pdl\cmsis/include/cmsis_gcc.h **** #ifndef   __STATIC_FORCEINLINE                 
  50:Generated_Source\PSoC6\pdl\cmsis/include/cmsis_gcc.h ****   #define __STATIC_FORCEINLINE                   __attribute__((always_inline)) static inline
  51:Generated_Source\PSoC6\pdl\cmsis/include/cmsis_gcc.h **** #endif                                           
ARM GAS  C:\Users\User\AppData\Local\Temp\ccqTpoBE.s 			page 3


  52:Generated_Source\PSoC6\pdl\cmsis/include/cmsis_gcc.h **** #ifndef   __NO_RETURN
  53:Generated_Source\PSoC6\pdl\cmsis/include/cmsis_gcc.h ****   #define __NO_RETURN                            __attribute__((__noreturn__))
  54:Generated_Source\PSoC6\pdl\cmsis/include/cmsis_gcc.h **** #endif
  55:Generated_Source\PSoC6\pdl\cmsis/include/cmsis_gcc.h **** #ifndef   __USED
  56:Generated_Source\PSoC6\pdl\cmsis/include/cmsis_gcc.h ****   #define __USED                                 __attribute__((used))
  57:Generated_Source\PSoC6\pdl\cmsis/include/cmsis_gcc.h **** #endif
  58:Generated_Source\PSoC6\pdl\cmsis/include/cmsis_gcc.h **** #ifndef   __WEAK
  59:Generated_Source\PSoC6\pdl\cmsis/include/cmsis_gcc.h ****   #define __WEAK                                 __attribute__((weak))
  60:Generated_Source\PSoC6\pdl\cmsis/include/cmsis_gcc.h **** #endif
  61:Generated_Source\PSoC6\pdl\cmsis/include/cmsis_gcc.h **** #ifndef   __PACKED
  62:Generated_Source\PSoC6\pdl\cmsis/include/cmsis_gcc.h ****   #define __PACKED                               __attribute__((packed, aligned(1)))
  63:Generated_Source\PSoC6\pdl\cmsis/include/cmsis_gcc.h **** #endif
  64:Generated_Source\PSoC6\pdl\cmsis/include/cmsis_gcc.h **** #ifndef   __PACKED_STRUCT
  65:Generated_Source\PSoC6\pdl\cmsis/include/cmsis_gcc.h ****   #define __PACKED_STRUCT                        struct __attribute__((packed, aligned(1)))
  66:Generated_Source\PSoC6\pdl\cmsis/include/cmsis_gcc.h **** #endif
  67:Generated_Source\PSoC6\pdl\cmsis/include/cmsis_gcc.h **** #ifndef   __PACKED_UNION
  68:Generated_Source\PSoC6\pdl\cmsis/include/cmsis_gcc.h ****   #define __PACKED_UNION                         union __attribute__((packed, aligned(1)))
  69:Generated_Source\PSoC6\pdl\cmsis/include/cmsis_gcc.h **** #endif
  70:Generated_Source\PSoC6\pdl\cmsis/include/cmsis_gcc.h **** #ifndef   __UNALIGNED_UINT32        /* deprecated */
  71:Generated_Source\PSoC6\pdl\cmsis/include/cmsis_gcc.h ****   #pragma GCC diagnostic push
  72:Generated_Source\PSoC6\pdl\cmsis/include/cmsis_gcc.h ****   #pragma GCC diagnostic ignored "-Wpacked"
  73:Generated_Source\PSoC6\pdl\cmsis/include/cmsis_gcc.h ****   #pragma GCC diagnostic ignored "-Wattributes"
  74:Generated_Source\PSoC6\pdl\cmsis/include/cmsis_gcc.h ****   struct __attribute__((packed)) T_UINT32 { uint32_t v; };
  75:Generated_Source\PSoC6\pdl\cmsis/include/cmsis_gcc.h ****   #pragma GCC diagnostic pop
  76:Generated_Source\PSoC6\pdl\cmsis/include/cmsis_gcc.h ****   #define __UNALIGNED_UINT32(x)                  (((struct T_UINT32 *)(x))->v)
  77:Generated_Source\PSoC6\pdl\cmsis/include/cmsis_gcc.h **** #endif
  78:Generated_Source\PSoC6\pdl\cmsis/include/cmsis_gcc.h **** #ifndef   __UNALIGNED_UINT16_WRITE
  79:Generated_Source\PSoC6\pdl\cmsis/include/cmsis_gcc.h ****   #pragma GCC diagnostic push
  80:Generated_Source\PSoC6\pdl\cmsis/include/cmsis_gcc.h ****   #pragma GCC diagnostic ignored "-Wpacked"
  81:Generated_Source\PSoC6\pdl\cmsis/include/cmsis_gcc.h ****   #pragma GCC diagnostic ignored "-Wattributes"
  82:Generated_Source\PSoC6\pdl\cmsis/include/cmsis_gcc.h ****   __PACKED_STRUCT T_UINT16_WRITE { uint16_t v; };
  83:Generated_Source\PSoC6\pdl\cmsis/include/cmsis_gcc.h ****   #pragma GCC diagnostic pop
  84:Generated_Source\PSoC6\pdl\cmsis/include/cmsis_gcc.h ****   #define __UNALIGNED_UINT16_WRITE(addr, val)    (void)((((struct T_UINT16_WRITE *)(void *)(addr))-
  85:Generated_Source\PSoC6\pdl\cmsis/include/cmsis_gcc.h **** #endif
  86:Generated_Source\PSoC6\pdl\cmsis/include/cmsis_gcc.h **** #ifndef   __UNALIGNED_UINT16_READ
  87:Generated_Source\PSoC6\pdl\cmsis/include/cmsis_gcc.h ****   #pragma GCC diagnostic push
  88:Generated_Source\PSoC6\pdl\cmsis/include/cmsis_gcc.h ****   #pragma GCC diagnostic ignored "-Wpacked"
  89:Generated_Source\PSoC6\pdl\cmsis/include/cmsis_gcc.h ****   #pragma GCC diagnostic ignored "-Wattributes"
  90:Generated_Source\PSoC6\pdl\cmsis/include/cmsis_gcc.h ****   __PACKED_STRUCT T_UINT16_READ { uint16_t v; };
  91:Generated_Source\PSoC6\pdl\cmsis/include/cmsis_gcc.h ****   #pragma GCC diagnostic pop
  92:Generated_Source\PSoC6\pdl\cmsis/include/cmsis_gcc.h ****   #define __UNALIGNED_UINT16_READ(addr)          (((const struct T_UINT16_READ *)(const void *)(add
  93:Generated_Source\PSoC6\pdl\cmsis/include/cmsis_gcc.h **** #endif
  94:Generated_Source\PSoC6\pdl\cmsis/include/cmsis_gcc.h **** #ifndef   __UNALIGNED_UINT32_WRITE
  95:Generated_Source\PSoC6\pdl\cmsis/include/cmsis_gcc.h ****   #pragma GCC diagnostic push
  96:Generated_Source\PSoC6\pdl\cmsis/include/cmsis_gcc.h ****   #pragma GCC diagnostic ignored "-Wpacked"
  97:Generated_Source\PSoC6\pdl\cmsis/include/cmsis_gcc.h ****   #pragma GCC diagnostic ignored "-Wattributes"
  98:Generated_Source\PSoC6\pdl\cmsis/include/cmsis_gcc.h ****   __PACKED_STRUCT T_UINT32_WRITE { uint32_t v; };
  99:Generated_Source\PSoC6\pdl\cmsis/include/cmsis_gcc.h ****   #pragma GCC diagnostic pop
 100:Generated_Source\PSoC6\pdl\cmsis/include/cmsis_gcc.h ****   #define __UNALIGNED_UINT32_WRITE(addr, val)    (void)((((struct T_UINT32_WRITE *)(void *)(addr))-
 101:Generated_Source\PSoC6\pdl\cmsis/include/cmsis_gcc.h **** #endif
 102:Generated_Source\PSoC6\pdl\cmsis/include/cmsis_gcc.h **** #ifndef   __UNALIGNED_UINT32_READ
 103:Generated_Source\PSoC6\pdl\cmsis/include/cmsis_gcc.h ****   #pragma GCC diagnostic push
 104:Generated_Source\PSoC6\pdl\cmsis/include/cmsis_gcc.h ****   #pragma GCC diagnostic ignored "-Wpacked"
 105:Generated_Source\PSoC6\pdl\cmsis/include/cmsis_gcc.h ****   #pragma GCC diagnostic ignored "-Wattributes"
 106:Generated_Source\PSoC6\pdl\cmsis/include/cmsis_gcc.h ****   __PACKED_STRUCT T_UINT32_READ { uint32_t v; };
 107:Generated_Source\PSoC6\pdl\cmsis/include/cmsis_gcc.h ****   #pragma GCC diagnostic pop
 108:Generated_Source\PSoC6\pdl\cmsis/include/cmsis_gcc.h ****   #define __UNALIGNED_UINT32_READ(addr)          (((const struct T_UINT32_READ *)(const void *)(add
ARM GAS  C:\Users\User\AppData\Local\Temp\ccqTpoBE.s 			page 4


 109:Generated_Source\PSoC6\pdl\cmsis/include/cmsis_gcc.h **** #endif
 110:Generated_Source\PSoC6\pdl\cmsis/include/cmsis_gcc.h **** #ifndef   __ALIGNED
 111:Generated_Source\PSoC6\pdl\cmsis/include/cmsis_gcc.h ****   #define __ALIGNED(x)                           __attribute__((aligned(x)))
 112:Generated_Source\PSoC6\pdl\cmsis/include/cmsis_gcc.h **** #endif
 113:Generated_Source\PSoC6\pdl\cmsis/include/cmsis_gcc.h **** #ifndef   __RESTRICT
 114:Generated_Source\PSoC6\pdl\cmsis/include/cmsis_gcc.h ****   #define __RESTRICT                             __restrict
 115:Generated_Source\PSoC6\pdl\cmsis/include/cmsis_gcc.h **** #endif
 116:Generated_Source\PSoC6\pdl\cmsis/include/cmsis_gcc.h **** 
 117:Generated_Source\PSoC6\pdl\cmsis/include/cmsis_gcc.h **** 
 118:Generated_Source\PSoC6\pdl\cmsis/include/cmsis_gcc.h **** /* ###########################  Core Function Access  ########################### */
 119:Generated_Source\PSoC6\pdl\cmsis/include/cmsis_gcc.h **** /** \ingroup  CMSIS_Core_FunctionInterface
 120:Generated_Source\PSoC6\pdl\cmsis/include/cmsis_gcc.h ****     \defgroup CMSIS_Core_RegAccFunctions CMSIS Core Register Access Functions
 121:Generated_Source\PSoC6\pdl\cmsis/include/cmsis_gcc.h ****   @{
 122:Generated_Source\PSoC6\pdl\cmsis/include/cmsis_gcc.h ****  */
 123:Generated_Source\PSoC6\pdl\cmsis/include/cmsis_gcc.h **** 
 124:Generated_Source\PSoC6\pdl\cmsis/include/cmsis_gcc.h **** /**
 125:Generated_Source\PSoC6\pdl\cmsis/include/cmsis_gcc.h ****   \brief   Enable IRQ Interrupts
 126:Generated_Source\PSoC6\pdl\cmsis/include/cmsis_gcc.h ****   \details Enables IRQ interrupts by clearing the I-bit in the CPSR.
 127:Generated_Source\PSoC6\pdl\cmsis/include/cmsis_gcc.h ****            Can only be executed in Privileged modes.
 128:Generated_Source\PSoC6\pdl\cmsis/include/cmsis_gcc.h ****  */
 129:Generated_Source\PSoC6\pdl\cmsis/include/cmsis_gcc.h **** __STATIC_FORCEINLINE void __enable_irq(void)
 130:Generated_Source\PSoC6\pdl\cmsis/include/cmsis_gcc.h **** {
 131:Generated_Source\PSoC6\pdl\cmsis/include/cmsis_gcc.h ****   __ASM volatile ("cpsie i" : : : "memory");
  48              		.loc 2 131 0
  49              		.syntax divided
  50              	@ 131 "Generated_Source\PSoC6\pdl\cmsis/include/cmsis_gcc.h" 1
  51 0002 62B6     		cpsie i
  52              	@ 0 "" 2
  53              		.thumb
  54              		.syntax unified
  55              	.LBE6:
  56              	.LBE5:
  17:main_cm0p.c   ****     __enable_irq(); /* Enable global interrupts. */
  18:main_cm0p.c   ****     /* Enable CM4.  CY_CORTEX_M4_APPL_ADDR must be updated if CM4 memory layout is changed. */
  19:main_cm0p.c   ****     Cy_SysEnableCM4(CY_CORTEX_M4_APPL_ADDR); 
  57              		.loc 1 19 0
  58 0004 1748     		ldr	r0, .L6
  59 0006 FFF7FEFF 		bl	Cy_SysEnableCM4
  60              	.LVL0:
  20:main_cm0p.c   **** 
  21:main_cm0p.c   ****     /* Place your initialization/startup code here (e.g. MyInst_Start()) */
  22:main_cm0p.c   ****     mUART_Start();
  61              		.loc 1 22 0
  62 000a FFF7FEFF 		bl	mUART_Start
  63              	.LVL1:
  64              	.L4:
  65              	.LBB7:
  23:main_cm0p.c   ****     for(;;)
  24:main_cm0p.c   ****     {
  25:main_cm0p.c   ****         /* Place your application code here. */
  26:main_cm0p.c   ****         /*
  27:main_cm0p.c   ****         char str[30];
  28:main_cm0p.c   ****         for(int i = 1; i < 10; i++) {
  29:main_cm0p.c   ****             sprintf(str, "2 x %d = %d\n\r", i, i*2);
  30:main_cm0p.c   ****             mUART_PutString(str);
  31:main_cm0p.c   ****             CyDelay(500);
  32:main_cm0p.c   ****         }
ARM GAS  C:\Users\User\AppData\Local\Temp\ccqTpoBE.s 			page 5


  33:main_cm0p.c   ****         CyDelay(1000); */
  34:main_cm0p.c   ****         
  35:main_cm0p.c   ****         static float angle;
  36:main_cm0p.c   ****         angle++;
  66              		.loc 1 36 0
  67 000e 164D     		ldr	r5, .L6+4
  68 0010 FE21     		movs	r1, #254
  69 0012 8905     		lsls	r1, r1, #22
  70 0014 2868     		ldr	r0, [r5]
  71 0016 FFF7FEFF 		bl	__aeabi_fadd
  72              	.LVL2:
  73 001a 041C     		adds	r4, r0, #0
  74 001c 2860     		str	r0, [r5]
  37:main_cm0p.c   ****         if(angle >= 360) angle -= 360;
  75              		.loc 1 37 0
  76 001e 1349     		ldr	r1, .L6+8
  77 0020 FFF7FEFF 		bl	__aeabi_fcmpge
  78              	.LVL3:
  79 0024 0028     		cmp	r0, #0
  80 0026 04D0     		beq	.L2
  81              		.loc 1 37 0 is_stmt 0 discriminator 1
  82 0028 1049     		ldr	r1, .L6+8
  83 002a 201C     		adds	r0, r4, #0
  84 002c FFF7FEFF 		bl	__aeabi_fsub
  85              	.LVL4:
  86 0030 2860     		str	r0, [r5]
  87              	.L2:
  38:main_cm0p.c   ****         int value = sin(angle * 3.14 / 180) * 100;
  88              		.loc 1 38 0 is_stmt 1
  89 0032 0D4B     		ldr	r3, .L6+4
  90 0034 1868     		ldr	r0, [r3]
  91 0036 FFF7FEFF 		bl	__aeabi_f2d
  92              	.LVL5:
  93 003a 0D4A     		ldr	r2, .L6+12
  94 003c 0D4B     		ldr	r3, .L6+16
  95 003e FFF7FEFF 		bl	__aeabi_dmul
  96              	.LVL6:
  97 0042 0022     		movs	r2, #0
  98 0044 0C4B     		ldr	r3, .L6+20
  99 0046 FFF7FEFF 		bl	__aeabi_ddiv
 100              	.LVL7:
 101 004a FFF7FEFF 		bl	sin
 102              	.LVL8:
 103 004e 0022     		movs	r2, #0
 104 0050 0A4B     		ldr	r3, .L6+24
 105 0052 FFF7FEFF 		bl	__aeabi_dmul
 106              	.LVL9:
 107 0056 FFF7FEFF 		bl	__aeabi_d2iz
 108              	.LVL10:
 109 005a 0100     		movs	r1, r0
 110              	.LVL11:
  39:main_cm0p.c   ****         printf("%d\n\r", value);
 111              		.loc 1 39 0
 112 005c 0848     		ldr	r0, .L6+28
 113              	.LVL12:
 114 005e FFF7FEFF 		bl	printf
 115              	.LVL13:
ARM GAS  C:\Users\User\AppData\Local\Temp\ccqTpoBE.s 			page 6


 116              	.LBE7:
  40:main_cm0p.c   ****         
  41:main_cm0p.c   ****     }
 117              		.loc 1 41 0
 118 0062 D4E7     		b	.L4
 119              	.L7:
 120              		.align	2
 121              	.L6:
 122 0064 00000810 		.word	268959744
 123 0068 00000000 		.word	.LANCHOR0
 124 006c 0000B443 		.word	1135869952
 125 0070 1F85EB51 		.word	1374389535
 126 0074 B81E0940 		.word	1074339512
 127 0078 00806640 		.word	1080459264
 128 007c 00005940 		.word	1079574528
 129 0080 00000000 		.word	.LC1
 130              		.cfi_endproc
 131              	.LFE393:
 132              		.size	main, .-main
 133              		.section	.rodata.str1.4,"aMS",%progbits,1
 134              		.align	2
 135              	.LC1:
 136 0000 25640A0D 		.ascii	"%d\012\015\000"
 136      00
 137              		.bss
 138              		.align	2
 139              		.set	.LANCHOR0,. + 0
 140              		.type	angle.14581, %object
 141              		.size	angle.14581, 4
 142              	angle.14581:
 143 0000 00000000 		.space	4
 144              		.text
 145              	.Letext0:
 146              		.file 3 "c:\\program files (x86)\\cypress\\psoc creator\\4.4\\psoc creator\\import\\gnu\\arm\\5.4.
 147              		.file 4 "c:\\program files (x86)\\cypress\\psoc creator\\4.4\\psoc creator\\import\\gnu\\arm\\5.4.
 148              		.file 5 "Generated_Source\\PSoC6\\pdl\\drivers/peripheral/device/cy_device.h"
 149              		.file 6 "Generated_Source\\PSoC6\\pdl\\drivers/peripheral/scb/cy_scb_uart.h"
 150              		.file 7 "Generated_Source\\PSoC6/mUART.h"
 151              		.file 8 "c:\\program files (x86)\\cypress\\psoc creator\\4.4\\psoc creator\\import\\gnu\\arm\\5.4.
 152              		.file 9 "./system_psoc6.h"
 153              		.file 10 "<built-in>"
 154              		.section	.debug_info,"",%progbits
 155              	.Ldebug_info0:
 156 0000 F8060000 		.4byte	0x6f8
 157 0004 0400     		.2byte	0x4
 158 0006 00000000 		.4byte	.Ldebug_abbrev0
 159 000a 04       		.byte	0x4
 160 000b 01       		.uleb128 0x1
 161 000c 27060000 		.4byte	.LASF133
 162 0010 0C       		.byte	0xc
 163 0011 81000000 		.4byte	.LASF134
 164 0015 F3010000 		.4byte	.LASF135
 165 0019 00000000 		.4byte	.Ldebug_ranges0+0
 166 001d 00000000 		.4byte	0
 167 0021 00000000 		.4byte	.Ldebug_line0
 168 0025 02       		.uleb128 0x2
 169 0026 02       		.byte	0x2
ARM GAS  C:\Users\User\AppData\Local\Temp\ccqTpoBE.s 			page 7


 170 0027 05       		.byte	0x5
 171 0028 C1050000 		.4byte	.LASF0
 172 002c 02       		.uleb128 0x2
 173 002d 01       		.byte	0x1
 174 002e 08       		.byte	0x8
 175 002f 9F050000 		.4byte	.LASF1
 176 0033 02       		.uleb128 0x2
 177 0034 01       		.byte	0x1
 178 0035 06       		.byte	0x6
 179 0036 87010000 		.4byte	.LASF2
 180 003a 03       		.uleb128 0x3
 181 003b 9B000000 		.4byte	.LASF3
 182 003f 03       		.byte	0x3
 183 0040 1D       		.byte	0x1d
 184 0041 2C000000 		.4byte	0x2c
 185 0045 03       		.uleb128 0x3
 186 0046 DA020000 		.4byte	.LASF4
 187 004a 03       		.byte	0x3
 188 004b 29       		.byte	0x29
 189 004c 25000000 		.4byte	0x25
 190 0050 03       		.uleb128 0x3
 191 0051 E4060000 		.4byte	.LASF5
 192 0055 03       		.byte	0x3
 193 0056 2B       		.byte	0x2b
 194 0057 5B000000 		.4byte	0x5b
 195 005b 02       		.uleb128 0x2
 196 005c 02       		.byte	0x2
 197 005d 07       		.byte	0x7
 198 005e 2F070000 		.4byte	.LASF6
 199 0062 02       		.uleb128 0x2
 200 0063 04       		.byte	0x4
 201 0064 05       		.byte	0x5
 202 0065 EA010000 		.4byte	.LASF7
 203 0069 03       		.uleb128 0x3
 204 006a BF020000 		.4byte	.LASF8
 205 006e 03       		.byte	0x3
 206 006f 41       		.byte	0x41
 207 0070 74000000 		.4byte	0x74
 208 0074 02       		.uleb128 0x2
 209 0075 04       		.byte	0x4
 210 0076 07       		.byte	0x7
 211 0077 59030000 		.4byte	.LASF9
 212 007b 02       		.uleb128 0x2
 213 007c 08       		.byte	0x8
 214 007d 05       		.byte	0x5
 215 007e 79010000 		.4byte	.LASF10
 216 0082 02       		.uleb128 0x2
 217 0083 08       		.byte	0x8
 218 0084 07       		.byte	0x7
 219 0085 F8000000 		.4byte	.LASF11
 220 0089 04       		.uleb128 0x4
 221 008a 04       		.byte	0x4
 222 008b 05       		.byte	0x5
 223 008c 696E7400 		.ascii	"int\000"
 224 0090 02       		.uleb128 0x2
 225 0091 04       		.byte	0x4
 226 0092 07       		.byte	0x7
ARM GAS  C:\Users\User\AppData\Local\Temp\ccqTpoBE.s 			page 8


 227 0093 1D030000 		.4byte	.LASF12
 228 0097 03       		.uleb128 0x3
 229 0098 C4070000 		.4byte	.LASF13
 230 009c 04       		.byte	0x4
 231 009d 18       		.byte	0x18
 232 009e 3A000000 		.4byte	0x3a
 233 00a2 03       		.uleb128 0x3
 234 00a3 71010000 		.4byte	.LASF14
 235 00a7 04       		.byte	0x4
 236 00a8 20       		.byte	0x20
 237 00a9 45000000 		.4byte	0x45
 238 00ad 03       		.uleb128 0x3
 239 00ae 2A030000 		.4byte	.LASF15
 240 00b2 04       		.byte	0x4
 241 00b3 24       		.byte	0x24
 242 00b4 50000000 		.4byte	0x50
 243 00b8 03       		.uleb128 0x3
 244 00b9 09060000 		.4byte	.LASF16
 245 00bd 04       		.byte	0x4
 246 00be 30       		.byte	0x30
 247 00bf 69000000 		.4byte	0x69
 248 00c3 02       		.uleb128 0x2
 249 00c4 04       		.byte	0x4
 250 00c5 07       		.byte	0x7
 251 00c6 9B040000 		.4byte	.LASF17
 252 00ca 05       		.uleb128 0x5
 253 00cb B8000000 		.4byte	0xb8
 254 00cf 02       		.uleb128 0x2
 255 00d0 08       		.byte	0x8
 256 00d1 04       		.byte	0x4
 257 00d2 B9060000 		.4byte	.LASF18
 258 00d6 06       		.uleb128 0x6
 259 00d7 B8       		.byte	0xb8
 260 00d8 05       		.byte	0x5
 261 00d9 34       		.byte	0x34
 262 00da E7040000 		.4byte	0x4e7
 263 00de 07       		.uleb128 0x7
 264 00df DF000000 		.4byte	.LASF19
 265 00e3 05       		.byte	0x5
 266 00e4 37       		.byte	0x37
 267 00e5 B8000000 		.4byte	0xb8
 268 00e9 00       		.byte	0
 269 00ea 07       		.uleb128 0x7
 270 00eb B4020000 		.4byte	.LASF20
 271 00ef 05       		.byte	0x5
 272 00f0 38       		.byte	0x38
 273 00f1 B8000000 		.4byte	0xb8
 274 00f5 04       		.byte	0x4
 275 00f6 07       		.uleb128 0x7
 276 00f7 3D020000 		.4byte	.LASF21
 277 00fb 05       		.byte	0x5
 278 00fc 39       		.byte	0x39
 279 00fd B8000000 		.4byte	0xb8
 280 0101 08       		.byte	0x8
 281 0102 07       		.uleb128 0x7
 282 0103 91050000 		.4byte	.LASF22
 283 0107 05       		.byte	0x5
ARM GAS  C:\Users\User\AppData\Local\Temp\ccqTpoBE.s 			page 9


 284 0108 3A       		.byte	0x3a
 285 0109 B8000000 		.4byte	0xb8
 286 010d 0C       		.byte	0xc
 287 010e 07       		.uleb128 0x7
 288 010f A8010000 		.4byte	.LASF23
 289 0113 05       		.byte	0x5
 290 0114 3B       		.byte	0x3b
 291 0115 B8000000 		.4byte	0xb8
 292 0119 10       		.byte	0x10
 293 011a 07       		.uleb128 0x7
 294 011b E0010000 		.4byte	.LASF24
 295 011f 05       		.byte	0x5
 296 0120 3C       		.byte	0x3c
 297 0121 B8000000 		.4byte	0xb8
 298 0125 14       		.byte	0x14
 299 0126 07       		.uleb128 0x7
 300 0127 95030000 		.4byte	.LASF25
 301 012b 05       		.byte	0x5
 302 012c 3D       		.byte	0x3d
 303 012d B8000000 		.4byte	0xb8
 304 0131 18       		.byte	0x18
 305 0132 07       		.uleb128 0x7
 306 0133 78000000 		.4byte	.LASF26
 307 0137 05       		.byte	0x5
 308 0138 3E       		.byte	0x3e
 309 0139 B8000000 		.4byte	0xb8
 310 013d 1C       		.byte	0x1c
 311 013e 07       		.uleb128 0x7
 312 013f 2D080000 		.4byte	.LASF27
 313 0143 05       		.byte	0x5
 314 0144 3F       		.byte	0x3f
 315 0145 B8000000 		.4byte	0xb8
 316 0149 20       		.byte	0x20
 317 014a 07       		.uleb128 0x7
 318 014b 18050000 		.4byte	.LASF28
 319 014f 05       		.byte	0x5
 320 0150 40       		.byte	0x40
 321 0151 B8000000 		.4byte	0xb8
 322 0155 24       		.byte	0x24
 323 0156 07       		.uleb128 0x7
 324 0157 6D040000 		.4byte	.LASF29
 325 015b 05       		.byte	0x5
 326 015c 43       		.byte	0x43
 327 015d 97000000 		.4byte	0x97
 328 0161 28       		.byte	0x28
 329 0162 07       		.uleb128 0x7
 330 0163 5E000000 		.4byte	.LASF30
 331 0167 05       		.byte	0x5
 332 0168 44       		.byte	0x44
 333 0169 97000000 		.4byte	0x97
 334 016d 29       		.byte	0x29
 335 016e 07       		.uleb128 0x7
 336 016f 23080000 		.4byte	.LASF31
 337 0173 05       		.byte	0x5
 338 0174 45       		.byte	0x45
 339 0175 97000000 		.4byte	0x97
 340 0179 2A       		.byte	0x2a
ARM GAS  C:\Users\User\AppData\Local\Temp\ccqTpoBE.s 			page 10


 341 017a 07       		.uleb128 0x7
 342 017b 0A050000 		.4byte	.LASF32
 343 017f 05       		.byte	0x5
 344 0180 46       		.byte	0x46
 345 0181 97000000 		.4byte	0x97
 346 0185 2B       		.byte	0x2b
 347 0186 07       		.uleb128 0x7
 348 0187 F5030000 		.4byte	.LASF33
 349 018b 05       		.byte	0x5
 350 018c 47       		.byte	0x47
 351 018d 97000000 		.4byte	0x97
 352 0191 2C       		.byte	0x2c
 353 0192 07       		.uleb128 0x7
 354 0193 02070000 		.4byte	.LASF34
 355 0197 05       		.byte	0x5
 356 0198 48       		.byte	0x48
 357 0199 97000000 		.4byte	0x97
 358 019d 2D       		.byte	0x2d
 359 019e 07       		.uleb128 0x7
 360 019f B1010000 		.4byte	.LASF35
 361 01a3 05       		.byte	0x5
 362 01a4 49       		.byte	0x49
 363 01a5 97000000 		.4byte	0x97
 364 01a9 2E       		.byte	0x2e
 365 01aa 07       		.uleb128 0x7
 366 01ab 7A040000 		.4byte	.LASF36
 367 01af 05       		.byte	0x5
 368 01b0 4A       		.byte	0x4a
 369 01b1 97000000 		.4byte	0x97
 370 01b5 2F       		.byte	0x2f
 371 01b6 07       		.uleb128 0x7
 372 01b7 CA060000 		.4byte	.LASF37
 373 01bb 05       		.byte	0x5
 374 01bc 4B       		.byte	0x4b
 375 01bd 97000000 		.4byte	0x97
 376 01c1 30       		.byte	0x30
 377 01c2 07       		.uleb128 0x7
 378 01c3 8A030000 		.4byte	.LASF38
 379 01c7 05       		.byte	0x5
 380 01c8 4E       		.byte	0x4e
 381 01c9 97000000 		.4byte	0x97
 382 01cd 31       		.byte	0x31
 383 01ce 07       		.uleb128 0x7
 384 01cf 8D000000 		.4byte	.LASF39
 385 01d3 05       		.byte	0x5
 386 01d4 4F       		.byte	0x4f
 387 01d5 97000000 		.4byte	0x97
 388 01d9 32       		.byte	0x32
 389 01da 07       		.uleb128 0x7
 390 01db 11030000 		.4byte	.LASF40
 391 01df 05       		.byte	0x5
 392 01e0 50       		.byte	0x50
 393 01e1 97000000 		.4byte	0x97
 394 01e5 33       		.byte	0x33
 395 01e6 07       		.uleb128 0x7
 396 01e7 AF040000 		.4byte	.LASF41
 397 01eb 05       		.byte	0x5
ARM GAS  C:\Users\User\AppData\Local\Temp\ccqTpoBE.s 			page 11


 398 01ec 51       		.byte	0x51
 399 01ed 97000000 		.4byte	0x97
 400 01f1 34       		.byte	0x34
 401 01f2 07       		.uleb128 0x7
 402 01f3 59070000 		.4byte	.LASF42
 403 01f7 05       		.byte	0x5
 404 01f8 52       		.byte	0x52
 405 01f9 A2000000 		.4byte	0xa2
 406 01fd 36       		.byte	0x36
 407 01fe 07       		.uleb128 0x7
 408 01ff 57020000 		.4byte	.LASF43
 409 0203 05       		.byte	0x5
 410 0204 53       		.byte	0x53
 411 0205 A2000000 		.4byte	0xa2
 412 0209 38       		.byte	0x38
 413 020a 07       		.uleb128 0x7
 414 020b 9F070000 		.4byte	.LASF44
 415 020f 05       		.byte	0x5
 416 0210 54       		.byte	0x54
 417 0211 A2000000 		.4byte	0xa2
 418 0215 3A       		.byte	0x3a
 419 0216 07       		.uleb128 0x7
 420 0217 D1010000 		.4byte	.LASF45
 421 021b 05       		.byte	0x5
 422 021c 55       		.byte	0x55
 423 021d 97000000 		.4byte	0x97
 424 0221 3C       		.byte	0x3c
 425 0222 07       		.uleb128 0x7
 426 0223 7E020000 		.4byte	.LASF46
 427 0227 05       		.byte	0x5
 428 0228 56       		.byte	0x56
 429 0229 97000000 		.4byte	0x97
 430 022d 3D       		.byte	0x3d
 431 022e 07       		.uleb128 0x7
 432 022f EB050000 		.4byte	.LASF47
 433 0233 05       		.byte	0x5
 434 0234 57       		.byte	0x57
 435 0235 97000000 		.4byte	0x97
 436 0239 3E       		.byte	0x3e
 437 023a 07       		.uleb128 0x7
 438 023b 6C000000 		.4byte	.LASF48
 439 023f 05       		.byte	0x5
 440 0240 58       		.byte	0x58
 441 0241 97000000 		.4byte	0x97
 442 0245 3F       		.byte	0x3f
 443 0246 07       		.uleb128 0x7
 444 0247 23050000 		.4byte	.LASF49
 445 024b 05       		.byte	0x5
 446 024c 59       		.byte	0x59
 447 024d 97000000 		.4byte	0x97
 448 0251 40       		.byte	0x40
 449 0252 07       		.uleb128 0x7
 450 0253 CA020000 		.4byte	.LASF50
 451 0257 05       		.byte	0x5
 452 0258 5A       		.byte	0x5a
 453 0259 97000000 		.4byte	0x97
 454 025d 41       		.byte	0x41
ARM GAS  C:\Users\User\AppData\Local\Temp\ccqTpoBE.s 			page 12


 455 025e 07       		.uleb128 0x7
 456 025f 26040000 		.4byte	.LASF51
 457 0263 05       		.byte	0x5
 458 0264 5B       		.byte	0x5b
 459 0265 97000000 		.4byte	0x97
 460 0269 42       		.byte	0x42
 461 026a 07       		.uleb128 0x7
 462 026b F6040000 		.4byte	.LASF52
 463 026f 05       		.byte	0x5
 464 0270 5C       		.byte	0x5c
 465 0271 97000000 		.4byte	0x97
 466 0275 43       		.byte	0x43
 467 0276 07       		.uleb128 0x7
 468 0277 46020000 		.4byte	.LASF53
 469 027b 05       		.byte	0x5
 470 027c 5D       		.byte	0x5d
 471 027d 97000000 		.4byte	0x97
 472 0281 44       		.byte	0x44
 473 0282 07       		.uleb128 0x7
 474 0283 07000000 		.4byte	.LASF54
 475 0287 05       		.byte	0x5
 476 0288 5E       		.byte	0x5e
 477 0289 B8000000 		.4byte	0xb8
 478 028d 48       		.byte	0x48
 479 028e 07       		.uleb128 0x7
 480 028f 2F020000 		.4byte	.LASF55
 481 0293 05       		.byte	0x5
 482 0294 5F       		.byte	0x5f
 483 0295 B8000000 		.4byte	0xb8
 484 0299 4C       		.byte	0x4c
 485 029a 07       		.uleb128 0x7
 486 029b 63080000 		.4byte	.LASF56
 487 029f 05       		.byte	0x5
 488 02a0 60       		.byte	0x60
 489 02a1 97000000 		.4byte	0x97
 490 02a5 50       		.byte	0x50
 491 02a6 07       		.uleb128 0x7
 492 02a7 4B010000 		.4byte	.LASF57
 493 02ab 05       		.byte	0x5
 494 02ac 61       		.byte	0x61
 495 02ad 97000000 		.4byte	0x97
 496 02b1 51       		.byte	0x51
 497 02b2 07       		.uleb128 0x7
 498 02b3 B4070000 		.4byte	.LASF58
 499 02b7 05       		.byte	0x5
 500 02b8 62       		.byte	0x62
 501 02b9 97000000 		.4byte	0x97
 502 02bd 52       		.byte	0x52
 503 02be 07       		.uleb128 0x7
 504 02bf 0F070000 		.4byte	.LASF59
 505 02c3 05       		.byte	0x5
 506 02c4 63       		.byte	0x63
 507 02c5 97000000 		.4byte	0x97
 508 02c9 53       		.byte	0x53
 509 02ca 07       		.uleb128 0x7
 510 02cb F9050000 		.4byte	.LASF60
 511 02cf 05       		.byte	0x5
ARM GAS  C:\Users\User\AppData\Local\Temp\ccqTpoBE.s 			page 13


 512 02d0 64       		.byte	0x64
 513 02d1 97000000 		.4byte	0x97
 514 02d5 54       		.byte	0x54
 515 02d6 07       		.uleb128 0x7
 516 02d7 5D010000 		.4byte	.LASF61
 517 02db 05       		.byte	0x5
 518 02dc 65       		.byte	0x65
 519 02dd 97000000 		.4byte	0x97
 520 02e1 55       		.byte	0x55
 521 02e2 07       		.uleb128 0x7
 522 02e3 45030000 		.4byte	.LASF62
 523 02e7 05       		.byte	0x5
 524 02e8 66       		.byte	0x66
 525 02e9 97000000 		.4byte	0x97
 526 02ed 56       		.byte	0x56
 527 02ee 07       		.uleb128 0x7
 528 02ef 9E030000 		.4byte	.LASF63
 529 02f3 05       		.byte	0x5
 530 02f4 67       		.byte	0x67
 531 02f5 97000000 		.4byte	0x97
 532 02f9 57       		.byte	0x57
 533 02fa 07       		.uleb128 0x7
 534 02fb 23000000 		.4byte	.LASF64
 535 02ff 05       		.byte	0x5
 536 0300 68       		.byte	0x68
 537 0301 97000000 		.4byte	0x97
 538 0305 58       		.byte	0x58
 539 0306 07       		.uleb128 0x7
 540 0307 AD050000 		.4byte	.LASF65
 541 030b 05       		.byte	0x5
 542 030c 69       		.byte	0x69
 543 030d 97000000 		.4byte	0x97
 544 0311 59       		.byte	0x59
 545 0312 07       		.uleb128 0x7
 546 0313 A4040000 		.4byte	.LASF66
 547 0317 05       		.byte	0x5
 548 0318 6E       		.byte	0x6e
 549 0319 AD000000 		.4byte	0xad
 550 031d 5A       		.byte	0x5a
 551 031e 07       		.uleb128 0x7
 552 031f 42070000 		.4byte	.LASF67
 553 0323 05       		.byte	0x5
 554 0324 6F       		.byte	0x6f
 555 0325 AD000000 		.4byte	0xad
 556 0329 5C       		.byte	0x5c
 557 032a 07       		.uleb128 0x7
 558 032b E9000000 		.4byte	.LASF68
 559 032f 05       		.byte	0x5
 560 0330 70       		.byte	0x70
 561 0331 97000000 		.4byte	0x97
 562 0335 5E       		.byte	0x5e
 563 0336 07       		.uleb128 0x7
 564 0337 6A050000 		.4byte	.LASF69
 565 033b 05       		.byte	0x5
 566 033c 71       		.byte	0x71
 567 033d 97000000 		.4byte	0x97
 568 0341 5F       		.byte	0x5f
ARM GAS  C:\Users\User\AppData\Local\Temp\ccqTpoBE.s 			page 14


 569 0342 07       		.uleb128 0x7
 570 0343 E5040000 		.4byte	.LASF70
 571 0347 05       		.byte	0x5
 572 0348 72       		.byte	0x72
 573 0349 97000000 		.4byte	0x97
 574 034d 60       		.byte	0x60
 575 034e 07       		.uleb128 0x7
 576 034f 43050000 		.4byte	.LASF71
 577 0353 05       		.byte	0x5
 578 0354 73       		.byte	0x73
 579 0355 B8000000 		.4byte	0xb8
 580 0359 64       		.byte	0x64
 581 035a 07       		.uleb128 0x7
 582 035b 15010000 		.4byte	.LASF72
 583 035f 05       		.byte	0x5
 584 0360 76       		.byte	0x76
 585 0361 AD000000 		.4byte	0xad
 586 0365 68       		.byte	0x68
 587 0366 07       		.uleb128 0x7
 588 0367 33030000 		.4byte	.LASF73
 589 036b 05       		.byte	0x5
 590 036c 77       		.byte	0x77
 591 036d AD000000 		.4byte	0xad
 592 0371 6A       		.byte	0x6a
 593 0372 07       		.uleb128 0x7
 594 0373 B2030000 		.4byte	.LASF74
 595 0377 05       		.byte	0x5
 596 0378 78       		.byte	0x78
 597 0379 AD000000 		.4byte	0xad
 598 037d 6C       		.byte	0x6c
 599 037e 07       		.uleb128 0x7
 600 037f D8030000 		.4byte	.LASF75
 601 0383 05       		.byte	0x5
 602 0384 79       		.byte	0x79
 603 0385 AD000000 		.4byte	0xad
 604 0389 6E       		.byte	0x6e
 605 038a 07       		.uleb128 0x7
 606 038b CB050000 		.4byte	.LASF76
 607 038f 05       		.byte	0x5
 608 0390 7B       		.byte	0x7b
 609 0391 97000000 		.4byte	0x97
 610 0395 70       		.byte	0x70
 611 0396 07       		.uleb128 0x7
 612 0397 93010000 		.4byte	.LASF77
 613 039b 05       		.byte	0x5
 614 039c 7C       		.byte	0x7c
 615 039d 97000000 		.4byte	0x97
 616 03a1 71       		.byte	0x71
 617 03a2 07       		.uleb128 0x7
 618 03a3 35080000 		.4byte	.LASF78
 619 03a7 05       		.byte	0x5
 620 03a8 7D       		.byte	0x7d
 621 03a9 97000000 		.4byte	0x97
 622 03ad 72       		.byte	0x72
 623 03ae 07       		.uleb128 0x7
 624 03af C0040000 		.4byte	.LASF79
 625 03b3 05       		.byte	0x5
ARM GAS  C:\Users\User\AppData\Local\Temp\ccqTpoBE.s 			page 15


 626 03b4 7E       		.byte	0x7e
 627 03b5 97000000 		.4byte	0x97
 628 03b9 73       		.byte	0x73
 629 03ba 07       		.uleb128 0x7
 630 03bb 8E020000 		.4byte	.LASF80
 631 03bf 05       		.byte	0x5
 632 03c0 80       		.byte	0x80
 633 03c1 AD000000 		.4byte	0xad
 634 03c5 74       		.byte	0x74
 635 03c6 07       		.uleb128 0x7
 636 03c7 EF060000 		.4byte	.LASF81
 637 03cb 05       		.byte	0x5
 638 03cc 81       		.byte	0x81
 639 03cd AD000000 		.4byte	0xad
 640 03d1 76       		.byte	0x76
 641 03d2 07       		.uleb128 0x7
 642 03d3 69020000 		.4byte	.LASF82
 643 03d7 05       		.byte	0x5
 644 03d8 82       		.byte	0x82
 645 03d9 AD000000 		.4byte	0xad
 646 03dd 78       		.byte	0x78
 647 03de 07       		.uleb128 0x7
 648 03df A5000000 		.4byte	.LASF83
 649 03e3 05       		.byte	0x5
 650 03e4 83       		.byte	0x83
 651 03e5 AD000000 		.4byte	0xad
 652 03e9 7A       		.byte	0x7a
 653 03ea 07       		.uleb128 0x7
 654 03eb E1070000 		.4byte	.LASF84
 655 03ef 05       		.byte	0x5
 656 03f0 86       		.byte	0x86
 657 03f1 97000000 		.4byte	0x97
 658 03f5 7C       		.byte	0x7c
 659 03f6 07       		.uleb128 0x7
 660 03f7 66070000 		.4byte	.LASF85
 661 03fb 05       		.byte	0x5
 662 03fc 87       		.byte	0x87
 663 03fd 97000000 		.4byte	0x97
 664 0401 7D       		.byte	0x7d
 665 0402 07       		.uleb128 0x7
 666 0403 37000000 		.4byte	.LASF86
 667 0407 05       		.byte	0x5
 668 0408 88       		.byte	0x88
 669 0409 97000000 		.4byte	0x97
 670 040d 7E       		.byte	0x7e
 671 040e 07       		.uleb128 0x7
 672 040f A0020000 		.4byte	.LASF87
 673 0413 05       		.byte	0x5
 674 0414 89       		.byte	0x89
 675 0415 97000000 		.4byte	0x97
 676 0419 7F       		.byte	0x7f
 677 041a 07       		.uleb128 0x7
 678 041b FD020000 		.4byte	.LASF88
 679 041f 05       		.byte	0x5
 680 0420 8A       		.byte	0x8a
 681 0421 97000000 		.4byte	0x97
 682 0425 80       		.byte	0x80
ARM GAS  C:\Users\User\AppData\Local\Temp\ccqTpoBE.s 			page 16


 683 0426 07       		.uleb128 0x7
 684 0427 56040000 		.4byte	.LASF89
 685 042b 05       		.byte	0x5
 686 042c 8D       		.byte	0x8d
 687 042d B8000000 		.4byte	0xb8
 688 0431 84       		.byte	0x84
 689 0432 07       		.uleb128 0x7
 690 0433 BA000000 		.4byte	.LASF90
 691 0437 05       		.byte	0x5
 692 0438 8E       		.byte	0x8e
 693 0439 B8000000 		.4byte	0xb8
 694 043d 88       		.byte	0x88
 695 043e 07       		.uleb128 0x7
 696 043f CC070000 		.4byte	.LASF91
 697 0443 05       		.byte	0x5
 698 0444 8F       		.byte	0x8f
 699 0445 B8000000 		.4byte	0xb8
 700 0449 8C       		.byte	0x8c
 701 044a 07       		.uleb128 0x7
 702 044b 86040000 		.4byte	.LASF92
 703 044f 05       		.byte	0x5
 704 0450 90       		.byte	0x90
 705 0451 B8000000 		.4byte	0xb8
 706 0455 90       		.byte	0x90
 707 0456 07       		.uleb128 0x7
 708 0457 11040000 		.4byte	.LASF93
 709 045b 05       		.byte	0x5
 710 045c 91       		.byte	0x91
 711 045d B8000000 		.4byte	0xb8
 712 0461 94       		.byte	0x94
 713 0462 07       		.uleb128 0x7
 714 0463 40040000 		.4byte	.LASF94
 715 0467 05       		.byte	0x5
 716 0468 92       		.byte	0x92
 717 0469 B8000000 		.4byte	0xb8
 718 046d 98       		.byte	0x98
 719 046e 07       		.uleb128 0x7
 720 046f 04080000 		.4byte	.LASF95
 721 0473 05       		.byte	0x5
 722 0474 93       		.byte	0x93
 723 0475 B8000000 		.4byte	0xb8
 724 0479 9C       		.byte	0x9c
 725 047a 07       		.uleb128 0x7
 726 047b 2F010000 		.4byte	.LASF96
 727 047f 05       		.byte	0x5
 728 0480 94       		.byte	0x94
 729 0481 B8000000 		.4byte	0xb8
 730 0485 A0       		.byte	0xa0
 731 0486 07       		.uleb128 0x7
 732 0487 BC010000 		.4byte	.LASF97
 733 048b 05       		.byte	0x5
 734 048c 95       		.byte	0x95
 735 048d AD000000 		.4byte	0xad
 736 0491 A4       		.byte	0xa4
 737 0492 07       		.uleb128 0x7
 738 0493 12060000 		.4byte	.LASF98
 739 0497 05       		.byte	0x5
ARM GAS  C:\Users\User\AppData\Local\Temp\ccqTpoBE.s 			page 17


 740 0498 96       		.byte	0x96
 741 0499 AD000000 		.4byte	0xad
 742 049d A6       		.byte	0xa6
 743 049e 07       		.uleb128 0x7
 744 049f 5E050000 		.4byte	.LASF99
 745 04a3 05       		.byte	0x5
 746 04a4 97       		.byte	0x97
 747 04a5 AD000000 		.4byte	0xad
 748 04a9 A8       		.byte	0xa8
 749 04aa 07       		.uleb128 0x7
 750 04ab D6060000 		.4byte	.LASF100
 751 04af 05       		.byte	0x5
 752 04b0 98       		.byte	0x98
 753 04b1 AD000000 		.4byte	0xad
 754 04b5 AA       		.byte	0xaa
 755 04b6 07       		.uleb128 0x7
 756 04b7 C1030000 		.4byte	.LASF101
 757 04bb 05       		.byte	0x5
 758 04bc 99       		.byte	0x99
 759 04bd AD000000 		.4byte	0xad
 760 04c1 AC       		.byte	0xac
 761 04c2 07       		.uleb128 0x7
 762 04c3 D7040000 		.4byte	.LASF102
 763 04c7 05       		.byte	0x5
 764 04c8 9A       		.byte	0x9a
 765 04c9 AD000000 		.4byte	0xad
 766 04cd AE       		.byte	0xae
 767 04ce 07       		.uleb128 0x7
 768 04cf 4B070000 		.4byte	.LASF103
 769 04d3 05       		.byte	0x5
 770 04d4 9D       		.byte	0x9d
 771 04d5 AD000000 		.4byte	0xad
 772 04d9 B0       		.byte	0xb0
 773 04da 07       		.uleb128 0x7
 774 04db 4A000000 		.4byte	.LASF104
 775 04df 05       		.byte	0x5
 776 04e0 9E       		.byte	0x9e
 777 04e1 B8000000 		.4byte	0xb8
 778 04e5 B4       		.byte	0xb4
 779 04e6 00       		.byte	0
 780 04e7 03       		.uleb128 0x3
 781 04e8 01040000 		.4byte	.LASF105
 782 04ec 05       		.byte	0x5
 783 04ed 9F       		.byte	0x9f
 784 04ee D6000000 		.4byte	0xd6
 785 04f2 02       		.uleb128 0x2
 786 04f3 01       		.byte	0x1
 787 04f4 08       		.byte	0x8
 788 04f5 C5060000 		.4byte	.LASF106
 789 04f9 02       		.uleb128 0x2
 790 04fa 04       		.byte	0x4
 791 04fb 04       		.byte	0x4
 792 04fc 3D050000 		.4byte	.LASF107
 793 0500 02       		.uleb128 0x2
 794 0501 08       		.byte	0x8
 795 0502 04       		.byte	0x4
 796 0503 62020000 		.4byte	.LASF108
ARM GAS  C:\Users\User\AppData\Local\Temp\ccqTpoBE.s 			page 18


 797 0507 08       		.uleb128 0x8
 798 0508 04       		.byte	0x4
 799 0509 02       		.uleb128 0x2
 800 050a 01       		.byte	0x1
 801 050b 02       		.byte	0x2
 802 050c 99050000 		.4byte	.LASF109
 803 0510 09       		.uleb128 0x9
 804 0511 04       		.byte	0x4
 805 0512 16050000 		.4byte	0x516
 806 0516 0A       		.uleb128 0xa
 807 0517 21050000 		.4byte	0x521
 808 051b 0B       		.uleb128 0xb
 809 051c B8000000 		.4byte	0xb8
 810 0520 00       		.byte	0
 811 0521 0C       		.uleb128 0xc
 812 0522 6B030000 		.4byte	.LASF110
 813 0526 06       		.byte	0x6
 814 0527 D901     		.2byte	0x1d9
 815 0529 10050000 		.4byte	0x510
 816 052d 0D       		.uleb128 0xd
 817 052e 4B080000 		.4byte	.LASF136
 818 0532 38       		.byte	0x38
 819 0533 06       		.byte	0x6
 820 0534 7502     		.2byte	0x275
 821 0536 F1050000 		.4byte	0x5f1
 822 053a 0E       		.uleb128 0xe
 823 053b 1A080000 		.4byte	.LASF111
 824 053f 06       		.byte	0x6
 825 0540 7802     		.2byte	0x278
 826 0542 CA000000 		.4byte	0xca
 827 0546 00       		.byte	0
 828 0547 0E       		.uleb128 0xe
 829 0548 01050000 		.4byte	.LASF112
 830 054c 06       		.byte	0x6
 831 054d 7902     		.2byte	0x279
 832 054f CA000000 		.4byte	0xca
 833 0553 04       		.byte	0x4
 834 0554 0E       		.uleb128 0xe
 835 0555 25010000 		.4byte	.LASF113
 836 0559 06       		.byte	0x6
 837 055a 7B02     		.2byte	0x27b
 838 055c 07050000 		.4byte	0x507
 839 0560 08       		.byte	0x8
 840 0561 0E       		.uleb128 0xe
 841 0562 21070000 		.4byte	.LASF114
 842 0566 06       		.byte	0x6
 843 0567 7C02     		.2byte	0x27c
 844 0569 B8000000 		.4byte	0xb8
 845 056d 0C       		.byte	0xc
 846 056e 0E       		.uleb128 0xe
 847 056f 32040000 		.4byte	.LASF115
 848 0573 06       		.byte	0x6
 849 0574 7D02     		.2byte	0x27d
 850 0576 CA000000 		.4byte	0xca
 851 057a 10       		.byte	0x10
 852 057b 0E       		.uleb128 0xe
 853 057c F6070000 		.4byte	.LASF116
ARM GAS  C:\Users\User\AppData\Local\Temp\ccqTpoBE.s 			page 19


 854 0580 06       		.byte	0x6
 855 0581 7E02     		.2byte	0x27e
 856 0583 CA000000 		.4byte	0xca
 857 0587 14       		.byte	0x14
 858 0588 0E       		.uleb128 0xe
 859 0589 7F070000 		.4byte	.LASF117
 860 058d 06       		.byte	0x6
 861 058e 8002     		.2byte	0x280
 862 0590 07050000 		.4byte	0x507
 863 0594 18       		.byte	0x18
 864 0595 0E       		.uleb128 0xe
 865 0596 19000000 		.4byte	.LASF118
 866 059a 06       		.byte	0x6
 867 059b 8102     		.2byte	0x281
 868 059d B8000000 		.4byte	0xb8
 869 05a1 1C       		.byte	0x1c
 870 05a2 0E       		.uleb128 0xe
 871 05a3 E4020000 		.4byte	.LASF119
 872 05a7 06       		.byte	0x6
 873 05a8 8202     		.2byte	0x282
 874 05aa CA000000 		.4byte	0xca
 875 05ae 20       		.byte	0x20
 876 05af 0E       		.uleb128 0xe
 877 05b0 45010000 		.4byte	.LASF120
 878 05b4 06       		.byte	0x6
 879 05b5 8402     		.2byte	0x284
 880 05b7 07050000 		.4byte	0x507
 881 05bb 24       		.byte	0x24
 882 05bc 0E       		.uleb128 0xe
 883 05bd F3020000 		.4byte	.LASF121
 884 05c1 06       		.byte	0x6
 885 05c2 8502     		.2byte	0x285
 886 05c4 B8000000 		.4byte	0xb8
 887 05c8 28       		.byte	0x28
 888 05c9 0E       		.uleb128 0xe
 889 05ca 80050000 		.4byte	.LASF122
 890 05ce 06       		.byte	0x6
 891 05cf 8602     		.2byte	0x286
 892 05d1 CA000000 		.4byte	0xca
 893 05d5 2C       		.byte	0x2c
 894 05d6 0E       		.uleb128 0xe
 895 05d7 CF030000 		.4byte	.LASF123
 896 05db 06       		.byte	0x6
 897 05dc 8B02     		.2byte	0x28b
 898 05de 21050000 		.4byte	0x521
 899 05e2 30       		.byte	0x30
 900 05e3 0E       		.uleb128 0xe
 901 05e4 77070000 		.4byte	.LASF124
 902 05e8 06       		.byte	0x6
 903 05e9 8E02     		.2byte	0x28e
 904 05eb B8000000 		.4byte	0xb8
 905 05ef 34       		.byte	0x34
 906 05f0 00       		.byte	0
 907 05f1 0C       		.uleb128 0xc
 908 05f2 85070000 		.4byte	.LASF125
 909 05f6 06       		.byte	0x6
 910 05f7 9102     		.2byte	0x291
ARM GAS  C:\Users\User\AppData\Local\Temp\ccqTpoBE.s 			page 20


 911 05f9 2D050000 		.4byte	0x52d
 912 05fd 0F       		.uleb128 0xf
 913 05fe 30050000 		.4byte	.LASF137
 914 0602 02       		.byte	0x2
 915 0603 81       		.byte	0x81
 916 0604 03       		.byte	0x3
 917 0605 10       		.uleb128 0x10
 918 0606 89020000 		.4byte	.LASF138
 919 060a 01       		.byte	0x1
 920 060b 0F       		.byte	0xf
 921 060c 89000000 		.4byte	0x89
 922 0610 00000000 		.4byte	.LFB393
 923 0614 84000000 		.4byte	.LFE393-.LFB393
 924 0618 01       		.uleb128 0x1
 925 0619 9C       		.byte	0x9c
 926 061a AD060000 		.4byte	0x6ad
 927 061e 11       		.uleb128 0x11
 928 061f FD050000 		.4byte	0x5fd
 929 0623 02000000 		.4byte	.LBB5
 930 0627 02000000 		.4byte	.LBE5-.LBB5
 931 062b 01       		.byte	0x1
 932 062c 11       		.byte	0x11
 933 062d 12       		.uleb128 0x12
 934 062e 0E000000 		.4byte	.LBB7
 935 0632 54000000 		.4byte	.LBE7-.LBB7
 936 0636 8C060000 		.4byte	0x68c
 937 063a 13       		.uleb128 0x13
 938 063b 0F010000 		.4byte	.LASF126
 939 063f 01       		.byte	0x1
 940 0640 23       		.byte	0x23
 941 0641 F9040000 		.4byte	0x4f9
 942 0645 05       		.uleb128 0x5
 943 0646 03       		.byte	0x3
 944 0647 00000000 		.4byte	angle.14581
 945 064b 14       		.uleb128 0x14
 946 064c ED020000 		.4byte	.LASF127
 947 0650 01       		.byte	0x1
 948 0651 26       		.byte	0x26
 949 0652 89000000 		.4byte	0x89
 950 0656 00000000 		.4byte	.LLST0
 951 065a 15       		.uleb128 0x15
 952 065b 73696E00 		.ascii	"sin\000"
 953 065f 0A       		.byte	0xa
 954 0660 00       		.byte	0
 955 0661 00050000 		.4byte	0x500
 956 0665 6F060000 		.4byte	0x66f
 957 0669 0B       		.uleb128 0xb
 958 066a 00050000 		.4byte	0x500
 959 066e 00       		.byte	0
 960 066f 16       		.uleb128 0x16
 961 0670 4E000000 		.4byte	.LVL8
 962 0674 CE060000 		.4byte	0x6ce
 963 0678 17       		.uleb128 0x17
 964 0679 62000000 		.4byte	.LVL13
 965 067d D9060000 		.4byte	0x6d9
 966 0681 18       		.uleb128 0x18
 967 0682 01       		.uleb128 0x1
ARM GAS  C:\Users\User\AppData\Local\Temp\ccqTpoBE.s 			page 21


 968 0683 50       		.byte	0x50
 969 0684 05       		.uleb128 0x5
 970 0685 03       		.byte	0x3
 971 0686 00000000 		.4byte	.LC1
 972 068a 00       		.byte	0
 973 068b 00       		.byte	0
 974 068c 19       		.uleb128 0x19
 975 068d 0A000000 		.4byte	.LVL0
 976 0691 E4060000 		.4byte	0x6e4
 977 0695 A3060000 		.4byte	0x6a3
 978 0699 18       		.uleb128 0x18
 979 069a 01       		.uleb128 0x1
 980 069b 50       		.byte	0x50
 981 069c 05       		.uleb128 0x5
 982 069d 0C       		.byte	0xc
 983 069e 00000810 		.4byte	0x10080000
 984 06a2 00       		.byte	0
 985 06a3 16       		.uleb128 0x16
 986 06a4 0E000000 		.4byte	.LVL1
 987 06a8 F0060000 		.4byte	0x6f0
 988 06ac 00       		.byte	0
 989 06ad 1A       		.uleb128 0x1a
 990 06ae 54050000 		.4byte	.LASF128
 991 06b2 05       		.byte	0x5
 992 06b3 A7       		.byte	0xa7
 993 06b4 B8060000 		.4byte	0x6b8
 994 06b8 09       		.uleb128 0x9
 995 06b9 04       		.byte	0x4
 996 06ba BE060000 		.4byte	0x6be
 997 06be 1B       		.uleb128 0x1b
 998 06bf E7040000 		.4byte	0x4e7
 999 06c3 1A       		.uleb128 0x1a
 1000 06c4 D1000000 		.4byte	.LASF129
 1001 06c8 07       		.byte	0x7
 1002 06c9 87       		.byte	0x87
 1003 06ca F1050000 		.4byte	0x5f1
 1004 06ce 1C       		.uleb128 0x1c
 1005 06cf 73696E00 		.ascii	"sin\000"
 1006 06d3 73696E00 		.ascii	"sin\000"
 1007 06d7 0A       		.byte	0xa
 1008 06d8 00       		.byte	0
 1009 06d9 1D       		.uleb128 0x1d
 1010 06da 00000000 		.4byte	.LASF130
 1011 06de 00000000 		.4byte	.LASF130
 1012 06e2 08       		.byte	0x8
 1013 06e3 BB       		.byte	0xbb
 1014 06e4 1E       		.uleb128 0x1e
 1015 06e5 E5030000 		.4byte	.LASF131
 1016 06e9 E5030000 		.4byte	.LASF131
 1017 06ed 09       		.byte	0x9
 1018 06ee 2502     		.2byte	0x225
 1019 06f0 1D       		.uleb128 0x1d
 1020 06f1 DF050000 		.4byte	.LASF132
 1021 06f5 DF050000 		.4byte	.LASF132
 1022 06f9 07       		.byte	0x7
 1023 06fa 31       		.byte	0x31
 1024 06fb 00       		.byte	0
ARM GAS  C:\Users\User\AppData\Local\Temp\ccqTpoBE.s 			page 22


 1025              		.section	.debug_abbrev,"",%progbits
 1026              	.Ldebug_abbrev0:
 1027 0000 01       		.uleb128 0x1
 1028 0001 11       		.uleb128 0x11
 1029 0002 01       		.byte	0x1
 1030 0003 25       		.uleb128 0x25
 1031 0004 0E       		.uleb128 0xe
 1032 0005 13       		.uleb128 0x13
 1033 0006 0B       		.uleb128 0xb
 1034 0007 03       		.uleb128 0x3
 1035 0008 0E       		.uleb128 0xe
 1036 0009 1B       		.uleb128 0x1b
 1037 000a 0E       		.uleb128 0xe
 1038 000b 55       		.uleb128 0x55
 1039 000c 17       		.uleb128 0x17
 1040 000d 11       		.uleb128 0x11
 1041 000e 01       		.uleb128 0x1
 1042 000f 10       		.uleb128 0x10
 1043 0010 17       		.uleb128 0x17
 1044 0011 00       		.byte	0
 1045 0012 00       		.byte	0
 1046 0013 02       		.uleb128 0x2
 1047 0014 24       		.uleb128 0x24
 1048 0015 00       		.byte	0
 1049 0016 0B       		.uleb128 0xb
 1050 0017 0B       		.uleb128 0xb
 1051 0018 3E       		.uleb128 0x3e
 1052 0019 0B       		.uleb128 0xb
 1053 001a 03       		.uleb128 0x3
 1054 001b 0E       		.uleb128 0xe
 1055 001c 00       		.byte	0
 1056 001d 00       		.byte	0
 1057 001e 03       		.uleb128 0x3
 1058 001f 16       		.uleb128 0x16
 1059 0020 00       		.byte	0
 1060 0021 03       		.uleb128 0x3
 1061 0022 0E       		.uleb128 0xe
 1062 0023 3A       		.uleb128 0x3a
 1063 0024 0B       		.uleb128 0xb
 1064 0025 3B       		.uleb128 0x3b
 1065 0026 0B       		.uleb128 0xb
 1066 0027 49       		.uleb128 0x49
 1067 0028 13       		.uleb128 0x13
 1068 0029 00       		.byte	0
 1069 002a 00       		.byte	0
 1070 002b 04       		.uleb128 0x4
 1071 002c 24       		.uleb128 0x24
 1072 002d 00       		.byte	0
 1073 002e 0B       		.uleb128 0xb
 1074 002f 0B       		.uleb128 0xb
 1075 0030 3E       		.uleb128 0x3e
 1076 0031 0B       		.uleb128 0xb
 1077 0032 03       		.uleb128 0x3
 1078 0033 08       		.uleb128 0x8
 1079 0034 00       		.byte	0
 1080 0035 00       		.byte	0
 1081 0036 05       		.uleb128 0x5
ARM GAS  C:\Users\User\AppData\Local\Temp\ccqTpoBE.s 			page 23


 1082 0037 35       		.uleb128 0x35
 1083 0038 00       		.byte	0
 1084 0039 49       		.uleb128 0x49
 1085 003a 13       		.uleb128 0x13
 1086 003b 00       		.byte	0
 1087 003c 00       		.byte	0
 1088 003d 06       		.uleb128 0x6
 1089 003e 13       		.uleb128 0x13
 1090 003f 01       		.byte	0x1
 1091 0040 0B       		.uleb128 0xb
 1092 0041 0B       		.uleb128 0xb
 1093 0042 3A       		.uleb128 0x3a
 1094 0043 0B       		.uleb128 0xb
 1095 0044 3B       		.uleb128 0x3b
 1096 0045 0B       		.uleb128 0xb
 1097 0046 01       		.uleb128 0x1
 1098 0047 13       		.uleb128 0x13
 1099 0048 00       		.byte	0
 1100 0049 00       		.byte	0
 1101 004a 07       		.uleb128 0x7
 1102 004b 0D       		.uleb128 0xd
 1103 004c 00       		.byte	0
 1104 004d 03       		.uleb128 0x3
 1105 004e 0E       		.uleb128 0xe
 1106 004f 3A       		.uleb128 0x3a
 1107 0050 0B       		.uleb128 0xb
 1108 0051 3B       		.uleb128 0x3b
 1109 0052 0B       		.uleb128 0xb
 1110 0053 49       		.uleb128 0x49
 1111 0054 13       		.uleb128 0x13
 1112 0055 38       		.uleb128 0x38
 1113 0056 0B       		.uleb128 0xb
 1114 0057 00       		.byte	0
 1115 0058 00       		.byte	0
 1116 0059 08       		.uleb128 0x8
 1117 005a 0F       		.uleb128 0xf
 1118 005b 00       		.byte	0
 1119 005c 0B       		.uleb128 0xb
 1120 005d 0B       		.uleb128 0xb
 1121 005e 00       		.byte	0
 1122 005f 00       		.byte	0
 1123 0060 09       		.uleb128 0x9
 1124 0061 0F       		.uleb128 0xf
 1125 0062 00       		.byte	0
 1126 0063 0B       		.uleb128 0xb
 1127 0064 0B       		.uleb128 0xb
 1128 0065 49       		.uleb128 0x49
 1129 0066 13       		.uleb128 0x13
 1130 0067 00       		.byte	0
 1131 0068 00       		.byte	0
 1132 0069 0A       		.uleb128 0xa
 1133 006a 15       		.uleb128 0x15
 1134 006b 01       		.byte	0x1
 1135 006c 27       		.uleb128 0x27
 1136 006d 19       		.uleb128 0x19
 1137 006e 01       		.uleb128 0x1
 1138 006f 13       		.uleb128 0x13
ARM GAS  C:\Users\User\AppData\Local\Temp\ccqTpoBE.s 			page 24


 1139 0070 00       		.byte	0
 1140 0071 00       		.byte	0
 1141 0072 0B       		.uleb128 0xb
 1142 0073 05       		.uleb128 0x5
 1143 0074 00       		.byte	0
 1144 0075 49       		.uleb128 0x49
 1145 0076 13       		.uleb128 0x13
 1146 0077 00       		.byte	0
 1147 0078 00       		.byte	0
 1148 0079 0C       		.uleb128 0xc
 1149 007a 16       		.uleb128 0x16
 1150 007b 00       		.byte	0
 1151 007c 03       		.uleb128 0x3
 1152 007d 0E       		.uleb128 0xe
 1153 007e 3A       		.uleb128 0x3a
 1154 007f 0B       		.uleb128 0xb
 1155 0080 3B       		.uleb128 0x3b
 1156 0081 05       		.uleb128 0x5
 1157 0082 49       		.uleb128 0x49
 1158 0083 13       		.uleb128 0x13
 1159 0084 00       		.byte	0
 1160 0085 00       		.byte	0
 1161 0086 0D       		.uleb128 0xd
 1162 0087 13       		.uleb128 0x13
 1163 0088 01       		.byte	0x1
 1164 0089 03       		.uleb128 0x3
 1165 008a 0E       		.uleb128 0xe
 1166 008b 0B       		.uleb128 0xb
 1167 008c 0B       		.uleb128 0xb
 1168 008d 3A       		.uleb128 0x3a
 1169 008e 0B       		.uleb128 0xb
 1170 008f 3B       		.uleb128 0x3b
 1171 0090 05       		.uleb128 0x5
 1172 0091 01       		.uleb128 0x1
 1173 0092 13       		.uleb128 0x13
 1174 0093 00       		.byte	0
 1175 0094 00       		.byte	0
 1176 0095 0E       		.uleb128 0xe
 1177 0096 0D       		.uleb128 0xd
 1178 0097 00       		.byte	0
 1179 0098 03       		.uleb128 0x3
 1180 0099 0E       		.uleb128 0xe
 1181 009a 3A       		.uleb128 0x3a
 1182 009b 0B       		.uleb128 0xb
 1183 009c 3B       		.uleb128 0x3b
 1184 009d 05       		.uleb128 0x5
 1185 009e 49       		.uleb128 0x49
 1186 009f 13       		.uleb128 0x13
 1187 00a0 38       		.uleb128 0x38
 1188 00a1 0B       		.uleb128 0xb
 1189 00a2 00       		.byte	0
 1190 00a3 00       		.byte	0
 1191 00a4 0F       		.uleb128 0xf
 1192 00a5 2E       		.uleb128 0x2e
 1193 00a6 00       		.byte	0
 1194 00a7 03       		.uleb128 0x3
 1195 00a8 0E       		.uleb128 0xe
ARM GAS  C:\Users\User\AppData\Local\Temp\ccqTpoBE.s 			page 25


 1196 00a9 3A       		.uleb128 0x3a
 1197 00aa 0B       		.uleb128 0xb
 1198 00ab 3B       		.uleb128 0x3b
 1199 00ac 0B       		.uleb128 0xb
 1200 00ad 27       		.uleb128 0x27
 1201 00ae 19       		.uleb128 0x19
 1202 00af 20       		.uleb128 0x20
 1203 00b0 0B       		.uleb128 0xb
 1204 00b1 00       		.byte	0
 1205 00b2 00       		.byte	0
 1206 00b3 10       		.uleb128 0x10
 1207 00b4 2E       		.uleb128 0x2e
 1208 00b5 01       		.byte	0x1
 1209 00b6 3F       		.uleb128 0x3f
 1210 00b7 19       		.uleb128 0x19
 1211 00b8 03       		.uleb128 0x3
 1212 00b9 0E       		.uleb128 0xe
 1213 00ba 3A       		.uleb128 0x3a
 1214 00bb 0B       		.uleb128 0xb
 1215 00bc 3B       		.uleb128 0x3b
 1216 00bd 0B       		.uleb128 0xb
 1217 00be 27       		.uleb128 0x27
 1218 00bf 19       		.uleb128 0x19
 1219 00c0 49       		.uleb128 0x49
 1220 00c1 13       		.uleb128 0x13
 1221 00c2 8701     		.uleb128 0x87
 1222 00c4 19       		.uleb128 0x19
 1223 00c5 11       		.uleb128 0x11
 1224 00c6 01       		.uleb128 0x1
 1225 00c7 12       		.uleb128 0x12
 1226 00c8 06       		.uleb128 0x6
 1227 00c9 40       		.uleb128 0x40
 1228 00ca 18       		.uleb128 0x18
 1229 00cb 9642     		.uleb128 0x2116
 1230 00cd 19       		.uleb128 0x19
 1231 00ce 01       		.uleb128 0x1
 1232 00cf 13       		.uleb128 0x13
 1233 00d0 00       		.byte	0
 1234 00d1 00       		.byte	0
 1235 00d2 11       		.uleb128 0x11
 1236 00d3 1D       		.uleb128 0x1d
 1237 00d4 00       		.byte	0
 1238 00d5 31       		.uleb128 0x31
 1239 00d6 13       		.uleb128 0x13
 1240 00d7 11       		.uleb128 0x11
 1241 00d8 01       		.uleb128 0x1
 1242 00d9 12       		.uleb128 0x12
 1243 00da 06       		.uleb128 0x6
 1244 00db 58       		.uleb128 0x58
 1245 00dc 0B       		.uleb128 0xb
 1246 00dd 59       		.uleb128 0x59
 1247 00de 0B       		.uleb128 0xb
 1248 00df 00       		.byte	0
 1249 00e0 00       		.byte	0
 1250 00e1 12       		.uleb128 0x12
 1251 00e2 0B       		.uleb128 0xb
 1252 00e3 01       		.byte	0x1
ARM GAS  C:\Users\User\AppData\Local\Temp\ccqTpoBE.s 			page 26


 1253 00e4 11       		.uleb128 0x11
 1254 00e5 01       		.uleb128 0x1
 1255 00e6 12       		.uleb128 0x12
 1256 00e7 06       		.uleb128 0x6
 1257 00e8 01       		.uleb128 0x1
 1258 00e9 13       		.uleb128 0x13
 1259 00ea 00       		.byte	0
 1260 00eb 00       		.byte	0
 1261 00ec 13       		.uleb128 0x13
 1262 00ed 34       		.uleb128 0x34
 1263 00ee 00       		.byte	0
 1264 00ef 03       		.uleb128 0x3
 1265 00f0 0E       		.uleb128 0xe
 1266 00f1 3A       		.uleb128 0x3a
 1267 00f2 0B       		.uleb128 0xb
 1268 00f3 3B       		.uleb128 0x3b
 1269 00f4 0B       		.uleb128 0xb
 1270 00f5 49       		.uleb128 0x49
 1271 00f6 13       		.uleb128 0x13
 1272 00f7 02       		.uleb128 0x2
 1273 00f8 18       		.uleb128 0x18
 1274 00f9 00       		.byte	0
 1275 00fa 00       		.byte	0
 1276 00fb 14       		.uleb128 0x14
 1277 00fc 34       		.uleb128 0x34
 1278 00fd 00       		.byte	0
 1279 00fe 03       		.uleb128 0x3
 1280 00ff 0E       		.uleb128 0xe
 1281 0100 3A       		.uleb128 0x3a
 1282 0101 0B       		.uleb128 0xb
 1283 0102 3B       		.uleb128 0x3b
 1284 0103 0B       		.uleb128 0xb
 1285 0104 49       		.uleb128 0x49
 1286 0105 13       		.uleb128 0x13
 1287 0106 02       		.uleb128 0x2
 1288 0107 17       		.uleb128 0x17
 1289 0108 00       		.byte	0
 1290 0109 00       		.byte	0
 1291 010a 15       		.uleb128 0x15
 1292 010b 2E       		.uleb128 0x2e
 1293 010c 01       		.byte	0x1
 1294 010d 3F       		.uleb128 0x3f
 1295 010e 19       		.uleb128 0x19
 1296 010f 03       		.uleb128 0x3
 1297 0110 08       		.uleb128 0x8
 1298 0111 3A       		.uleb128 0x3a
 1299 0112 0B       		.uleb128 0xb
 1300 0113 3B       		.uleb128 0x3b
 1301 0114 0B       		.uleb128 0xb
 1302 0115 27       		.uleb128 0x27
 1303 0116 19       		.uleb128 0x19
 1304 0117 49       		.uleb128 0x49
 1305 0118 13       		.uleb128 0x13
 1306 0119 3C       		.uleb128 0x3c
 1307 011a 19       		.uleb128 0x19
 1308 011b 01       		.uleb128 0x1
 1309 011c 13       		.uleb128 0x13
ARM GAS  C:\Users\User\AppData\Local\Temp\ccqTpoBE.s 			page 27


 1310 011d 00       		.byte	0
 1311 011e 00       		.byte	0
 1312 011f 16       		.uleb128 0x16
 1313 0120 898201   		.uleb128 0x4109
 1314 0123 00       		.byte	0
 1315 0124 11       		.uleb128 0x11
 1316 0125 01       		.uleb128 0x1
 1317 0126 31       		.uleb128 0x31
 1318 0127 13       		.uleb128 0x13
 1319 0128 00       		.byte	0
 1320 0129 00       		.byte	0
 1321 012a 17       		.uleb128 0x17
 1322 012b 898201   		.uleb128 0x4109
 1323 012e 01       		.byte	0x1
 1324 012f 11       		.uleb128 0x11
 1325 0130 01       		.uleb128 0x1
 1326 0131 31       		.uleb128 0x31
 1327 0132 13       		.uleb128 0x13
 1328 0133 00       		.byte	0
 1329 0134 00       		.byte	0
 1330 0135 18       		.uleb128 0x18
 1331 0136 8A8201   		.uleb128 0x410a
 1332 0139 00       		.byte	0
 1333 013a 02       		.uleb128 0x2
 1334 013b 18       		.uleb128 0x18
 1335 013c 9142     		.uleb128 0x2111
 1336 013e 18       		.uleb128 0x18
 1337 013f 00       		.byte	0
 1338 0140 00       		.byte	0
 1339 0141 19       		.uleb128 0x19
 1340 0142 898201   		.uleb128 0x4109
 1341 0145 01       		.byte	0x1
 1342 0146 11       		.uleb128 0x11
 1343 0147 01       		.uleb128 0x1
 1344 0148 31       		.uleb128 0x31
 1345 0149 13       		.uleb128 0x13
 1346 014a 01       		.uleb128 0x1
 1347 014b 13       		.uleb128 0x13
 1348 014c 00       		.byte	0
 1349 014d 00       		.byte	0
 1350 014e 1A       		.uleb128 0x1a
 1351 014f 34       		.uleb128 0x34
 1352 0150 00       		.byte	0
 1353 0151 03       		.uleb128 0x3
 1354 0152 0E       		.uleb128 0xe
 1355 0153 3A       		.uleb128 0x3a
 1356 0154 0B       		.uleb128 0xb
 1357 0155 3B       		.uleb128 0x3b
 1358 0156 0B       		.uleb128 0xb
 1359 0157 49       		.uleb128 0x49
 1360 0158 13       		.uleb128 0x13
 1361 0159 3F       		.uleb128 0x3f
 1362 015a 19       		.uleb128 0x19
 1363 015b 3C       		.uleb128 0x3c
 1364 015c 19       		.uleb128 0x19
 1365 015d 00       		.byte	0
 1366 015e 00       		.byte	0
ARM GAS  C:\Users\User\AppData\Local\Temp\ccqTpoBE.s 			page 28


 1367 015f 1B       		.uleb128 0x1b
 1368 0160 26       		.uleb128 0x26
 1369 0161 00       		.byte	0
 1370 0162 49       		.uleb128 0x49
 1371 0163 13       		.uleb128 0x13
 1372 0164 00       		.byte	0
 1373 0165 00       		.byte	0
 1374 0166 1C       		.uleb128 0x1c
 1375 0167 2E       		.uleb128 0x2e
 1376 0168 00       		.byte	0
 1377 0169 3F       		.uleb128 0x3f
 1378 016a 19       		.uleb128 0x19
 1379 016b 3C       		.uleb128 0x3c
 1380 016c 19       		.uleb128 0x19
 1381 016d 6E       		.uleb128 0x6e
 1382 016e 08       		.uleb128 0x8
 1383 016f 03       		.uleb128 0x3
 1384 0170 08       		.uleb128 0x8
 1385 0171 3A       		.uleb128 0x3a
 1386 0172 0B       		.uleb128 0xb
 1387 0173 3B       		.uleb128 0x3b
 1388 0174 0B       		.uleb128 0xb
 1389 0175 00       		.byte	0
 1390 0176 00       		.byte	0
 1391 0177 1D       		.uleb128 0x1d
 1392 0178 2E       		.uleb128 0x2e
 1393 0179 00       		.byte	0
 1394 017a 3F       		.uleb128 0x3f
 1395 017b 19       		.uleb128 0x19
 1396 017c 3C       		.uleb128 0x3c
 1397 017d 19       		.uleb128 0x19
 1398 017e 6E       		.uleb128 0x6e
 1399 017f 0E       		.uleb128 0xe
 1400 0180 03       		.uleb128 0x3
 1401 0181 0E       		.uleb128 0xe
 1402 0182 3A       		.uleb128 0x3a
 1403 0183 0B       		.uleb128 0xb
 1404 0184 3B       		.uleb128 0x3b
 1405 0185 0B       		.uleb128 0xb
 1406 0186 00       		.byte	0
 1407 0187 00       		.byte	0
 1408 0188 1E       		.uleb128 0x1e
 1409 0189 2E       		.uleb128 0x2e
 1410 018a 00       		.byte	0
 1411 018b 3F       		.uleb128 0x3f
 1412 018c 19       		.uleb128 0x19
 1413 018d 3C       		.uleb128 0x3c
 1414 018e 19       		.uleb128 0x19
 1415 018f 6E       		.uleb128 0x6e
 1416 0190 0E       		.uleb128 0xe
 1417 0191 03       		.uleb128 0x3
 1418 0192 0E       		.uleb128 0xe
 1419 0193 3A       		.uleb128 0x3a
 1420 0194 0B       		.uleb128 0xb
 1421 0195 3B       		.uleb128 0x3b
 1422 0196 05       		.uleb128 0x5
 1423 0197 00       		.byte	0
ARM GAS  C:\Users\User\AppData\Local\Temp\ccqTpoBE.s 			page 29


 1424 0198 00       		.byte	0
 1425 0199 00       		.byte	0
 1426              		.section	.debug_loc,"",%progbits
 1427              	.Ldebug_loc0:
 1428              	.LLST0:
 1429 0000 5C000000 		.4byte	.LVL11
 1430 0004 5E000000 		.4byte	.LVL12
 1431 0008 0100     		.2byte	0x1
 1432 000a 50       		.byte	0x50
 1433 000b 5E000000 		.4byte	.LVL12
 1434 000f 61000000 		.4byte	.LVL13-1
 1435 0013 0100     		.2byte	0x1
 1436 0015 51       		.byte	0x51
 1437 0016 00000000 		.4byte	0
 1438 001a 00000000 		.4byte	0
 1439              		.section	.debug_aranges,"",%progbits
 1440 0000 1C000000 		.4byte	0x1c
 1441 0004 0200     		.2byte	0x2
 1442 0006 00000000 		.4byte	.Ldebug_info0
 1443 000a 04       		.byte	0x4
 1444 000b 00       		.byte	0
 1445 000c 0000     		.2byte	0
 1446 000e 0000     		.2byte	0
 1447 0010 00000000 		.4byte	.LFB393
 1448 0014 84000000 		.4byte	.LFE393-.LFB393
 1449 0018 00000000 		.4byte	0
 1450 001c 00000000 		.4byte	0
 1451              		.section	.debug_ranges,"",%progbits
 1452              	.Ldebug_ranges0:
 1453 0000 00000000 		.4byte	.LFB393
 1454 0004 84000000 		.4byte	.LFE393
 1455 0008 00000000 		.4byte	0
 1456 000c 00000000 		.4byte	0
 1457              		.section	.debug_line,"",%progbits
 1458              	.Ldebug_line0:
 1459 0000 C5020000 		.section	.debug_str,"MS",%progbits,1
 1459      02009502 
 1459      00000201 
 1459      FB0E0D00 
 1459      01010101 
 1460              	.LASF130:
 1461 0000 7072696E 		.ascii	"printf\000"
 1461      746600
 1462              	.LASF54:
 1463 0007 70726F74 		.ascii	"protBusMasterMask\000"
 1463      4275734D 
 1463      61737465 
 1463      724D6173 
 1463      6B00
 1464              	.LASF118:
 1465 0019 72784275 		.ascii	"rxBufSize\000"
 1465      6653697A 
 1465      6500
 1466              	.LASF64:
 1467 0023 666C6173 		.ascii	"flashCtlMainWs3Freq\000"
 1467      6843746C 
 1467      4D61696E 
ARM GAS  C:\Users\User\AppData\Local\Temp\ccqTpoBE.s 			page 30


 1467      57733346 
 1467      72657100 
 1468              	.LASF86:
 1469 0037 6770696F 		.ascii	"gpioPrtCfgInOffset\000"
 1469      50727443 
 1469      6667496E 
 1469      4F666673 
 1469      657400
 1470              	.LASF104:
 1471 004a 6970634C 		.ascii	"ipcLockStatusOffset\000"
 1471      6F636B53 
 1471      74617475 
 1471      734F6666 
 1471      73657400 
 1472              	.LASF30:
 1473 005e 63727970 		.ascii	"cryptoVersion\000"
 1473      746F5665 
 1473      7273696F 
 1473      6E00
 1474              	.LASF48:
 1475 006c 70657269 		.ascii	"periClockNr\000"
 1475      436C6F63 
 1475      6B4E7200 
 1476              	.LASF26:
 1477 0078 70617373 		.ascii	"passBase\000"
 1477      42617365 
 1477      00
 1478              	.LASF134:
 1479 0081 6D61696E 		.ascii	"main_cm0p.c\000"
 1479      5F636D30 
 1479      702E6300 
 1480              	.LASF39:
 1481 008d 63707573 		.ascii	"cpussIpcIrqNr\000"
 1481      73497063 
 1481      4972714E 
 1481      7200
 1482              	.LASF3:
 1483 009b 5F5F7569 		.ascii	"__uint8_t\000"
 1483      6E74385F 
 1483      7400
 1484              	.LASF83:
 1485 00a5 70657269 		.ascii	"periDiv24_5CtlOffset\000"
 1485      44697632 
 1485      345F3543 
 1485      746C4F66 
 1485      66736574 
 1486              	.LASF90:
 1487 00ba 63707573 		.ascii	"cpussCm4ClockCtlOffset\000"
 1487      73436D34 
 1487      436C6F63 
 1487      6B43746C 
 1487      4F666673 
 1488              	.LASF129:
 1489 00d1 6D554152 		.ascii	"mUART_context\000"
 1489      545F636F 
 1489      6E746578 
 1489      7400
ARM GAS  C:\Users\User\AppData\Local\Temp\ccqTpoBE.s 			page 31


 1490              	.LASF19:
 1491 00df 63707573 		.ascii	"cpussBase\000"
 1491      73426173 
 1491      6500
 1492              	.LASF68:
 1493 00e9 64774368 		.ascii	"dwChCtlPrioPos\000"
 1493      43746C50 
 1493      72696F50 
 1493      6F7300
 1494              	.LASF11:
 1495 00f8 6C6F6E67 		.ascii	"long long unsigned int\000"
 1495      206C6F6E 
 1495      6720756E 
 1495      7369676E 
 1495      65642069 
 1496              	.LASF126:
 1497 010f 616E676C 		.ascii	"angle\000"
 1497      6500
 1498              	.LASF72:
 1499 0115 70657269 		.ascii	"periTrCmdOffset\000"
 1499      5472436D 
 1499      644F6666 
 1499      73657400 
 1500              	.LASF113:
 1501 0125 72785269 		.ascii	"rxRingBuf\000"
 1501      6E674275 
 1501      6600
 1502              	.LASF96:
 1503 012f 63707573 		.ascii	"cpussSysTickCtlOffset\000"
 1503      73537973 
 1503      5469636B 
 1503      43746C4F 
 1503      66667365 
 1504              	.LASF120:
 1505 0145 74784275 		.ascii	"txBuf\000"
 1505      6600
 1506              	.LASF57:
 1507 014b 666C6173 		.ascii	"flashPipeRequired\000"
 1507      68506970 
 1507      65526571 
 1507      75697265 
 1507      6400
 1508              	.LASF61:
 1509 015d 666C6173 		.ascii	"flashCtlMainWs0Freq\000"
 1509      6843746C 
 1509      4D61696E 
 1509      57733046 
 1509      72657100 
 1510              	.LASF14:
 1511 0171 696E7431 		.ascii	"int16_t\000"
 1511      365F7400 
 1512              	.LASF10:
 1513 0179 6C6F6E67 		.ascii	"long long int\000"
 1513      206C6F6E 
 1513      6720696E 
 1513      7400
 1514              	.LASF2:
ARM GAS  C:\Users\User\AppData\Local\Temp\ccqTpoBE.s 			page 32


 1515 0187 7369676E 		.ascii	"signed char\000"
 1515      65642063 
 1515      68617200 
 1516              	.LASF77:
 1517 0193 70657269 		.ascii	"periDivCmdTypeSelPos\000"
 1517      44697643 
 1517      6D645479 
 1517      70655365 
 1517      6C506F73 
 1518              	.LASF23:
 1519 01a8 70726F74 		.ascii	"protBase\000"
 1519      42617365 
 1519      00
 1520              	.LASF35:
 1521 01b1 69706356 		.ascii	"ipcVersion\000"
 1521      65727369 
 1521      6F6E00
 1522              	.LASF97:
 1523 01bc 63707573 		.ascii	"cpussCm0NmiCtlOffset\000"
 1523      73436D30 
 1523      4E6D6943 
 1523      746C4F66 
 1523      66736574 
 1524              	.LASF45:
 1525 01d1 73727373 		.ascii	"srssNumClkpath\000"
 1525      4E756D43 
 1525      6C6B7061 
 1525      746800
 1526              	.LASF24:
 1527 01e0 6873696F 		.ascii	"hsiomBase\000"
 1527      6D426173 
 1527      6500
 1528              	.LASF7:
 1529 01ea 6C6F6E67 		.ascii	"long int\000"
 1529      20696E74 
 1529      00
 1530              	.LASF135:
 1531 01f3 433A5C55 		.ascii	"C:\\Users\\User\\Documents\\PSoC Creator\\Workspace"
 1531      73657273 
 1531      5C557365 
 1531      725C446F 
 1531      63756D65 
 1532 0221 30315C55 		.ascii	"01\\UART.cydsn\000"
 1532      4152542E 
 1532      63796473 
 1532      6E00
 1533              	.LASF55:
 1534 022f 63727970 		.ascii	"cryptoMemSize\000"
 1534      746F4D65 
 1534      6D53697A 
 1534      6500
 1535              	.LASF21:
 1536 023d 70657269 		.ascii	"periBase\000"
 1536      42617365 
 1536      00
 1537              	.LASF53:
 1538 0246 73797350 		.ascii	"sysPmSimoPresent\000"
ARM GAS  C:\Users\User\AppData\Local\Temp\ccqTpoBE.s 			page 33


 1538      6D53696D 
 1538      6F507265 
 1538      73656E74 
 1538      00
 1539              	.LASF43:
 1540 0257 63707573 		.ascii	"cpussFmIrq\000"
 1540      73466D49 
 1540      727100
 1541              	.LASF108:
 1542 0262 646F7562 		.ascii	"double\000"
 1542      6C6500
 1543              	.LASF82:
 1544 0269 70657269 		.ascii	"periDiv16_5CtlOffset\000"
 1544      44697631 
 1544      365F3543 
 1544      746C4F66 
 1544      66736574 
 1545              	.LASF46:
 1546 027e 73727373 		.ascii	"srssNumPll\000"
 1546      4E756D50 
 1546      6C6C00
 1547              	.LASF138:
 1548 0289 6D61696E 		.ascii	"main\000"
 1548      00
 1549              	.LASF80:
 1550 028e 70657269 		.ascii	"periDiv8CtlOffset\000"
 1550      44697638 
 1550      43746C4F 
 1550      66667365 
 1550      7400
 1551              	.LASF87:
 1552 02a0 6770696F 		.ascii	"gpioPrtCfgOutOffset\000"
 1552      50727443 
 1552      66674F75 
 1552      744F6666 
 1552      73657400 
 1553              	.LASF20:
 1554 02b4 666C6173 		.ascii	"flashcBase\000"
 1554      68634261 
 1554      736500
 1555              	.LASF8:
 1556 02bf 5F5F7569 		.ascii	"__uint32_t\000"
 1556      6E743332 
 1556      5F7400
 1557              	.LASF50:
 1558 02ca 70617373 		.ascii	"passSarChannels\000"
 1558      53617243 
 1558      68616E6E 
 1558      656C7300 
 1559              	.LASF4:
 1560 02da 5F5F696E 		.ascii	"__int16_t\000"
 1560      7431365F 
 1560      7400
 1561              	.LASF119:
 1562 02e4 72784275 		.ascii	"rxBufIdx\000"
 1562      66496478 
 1562      00
ARM GAS  C:\Users\User\AppData\Local\Temp\ccqTpoBE.s 			page 34


 1563              	.LASF127:
 1564 02ed 76616C75 		.ascii	"value\000"
 1564      6500
 1565              	.LASF121:
 1566 02f3 74784275 		.ascii	"txBufSize\000"
 1566      6653697A 
 1566      6500
 1567              	.LASF88:
 1568 02fd 6770696F 		.ascii	"gpioPrtCfgSioOffset\000"
 1568      50727443 
 1568      66675369 
 1568      6F4F6666 
 1568      73657400 
 1569              	.LASF40:
 1570 0311 63707573 		.ascii	"cpussDwChNr\000"
 1570      73447743 
 1570      684E7200 
 1571              	.LASF12:
 1572 031d 756E7369 		.ascii	"unsigned int\000"
 1572      676E6564 
 1572      20696E74 
 1572      00
 1573              	.LASF15:
 1574 032a 75696E74 		.ascii	"uint16_t\000"
 1574      31365F74 
 1574      00
 1575              	.LASF73:
 1576 0333 70657269 		.ascii	"periTrCmdGrSelMsk\000"
 1576      5472436D 
 1576      64477253 
 1576      656C4D73 
 1576      6B00
 1577              	.LASF62:
 1578 0345 666C6173 		.ascii	"flashCtlMainWs1Freq\000"
 1578      6843746C 
 1578      4D61696E 
 1578      57733146 
 1578      72657100 
 1579              	.LASF9:
 1580 0359 6C6F6E67 		.ascii	"long unsigned int\000"
 1580      20756E73 
 1580      69676E65 
 1580      6420696E 
 1580      7400
 1581              	.LASF110:
 1582 036b 63795F63 		.ascii	"cy_cb_scb_uart_handle_events_t\000"
 1582      625F7363 
 1582      625F7561 
 1582      72745F68 
 1582      616E646C 
 1583              	.LASF38:
 1584 038a 63707573 		.ascii	"cpussIpcNr\000"
 1584      73497063 
 1584      4E7200
 1585              	.LASF25:
 1586 0395 6770696F 		.ascii	"gpioBase\000"
 1586      42617365 
ARM GAS  C:\Users\User\AppData\Local\Temp\ccqTpoBE.s 			page 35


 1586      00
 1587              	.LASF63:
 1588 039e 666C6173 		.ascii	"flashCtlMainWs2Freq\000"
 1588      6843746C 
 1588      4D61696E 
 1588      57733246 
 1588      72657100 
 1589              	.LASF74:
 1590 03b2 70657269 		.ascii	"periTrGrOffset\000"
 1590      54724772 
 1590      4F666673 
 1590      657400
 1591              	.LASF101:
 1592 03c1 63707573 		.ascii	"cpussRam1Ctl0\000"
 1592      7352616D 
 1592      3143746C 
 1592      3000
 1593              	.LASF123:
 1594 03cf 63624576 		.ascii	"cbEvents\000"
 1594      656E7473 
 1594      00
 1595              	.LASF75:
 1596 03d8 70657269 		.ascii	"periTrGrSize\000"
 1596      54724772 
 1596      53697A65 
 1596      00
 1597              	.LASF131:
 1598 03e5 43795F53 		.ascii	"Cy_SysEnableCM4\000"
 1598      7973456E 
 1598      61626C65 
 1598      434D3400 
 1599              	.LASF33:
 1600 03f5 6770696F 		.ascii	"gpioVersion\000"
 1600      56657273 
 1600      696F6E00 
 1601              	.LASF105:
 1602 0401 63795F73 		.ascii	"cy_stc_device_t\000"
 1602      74635F64 
 1602      65766963 
 1602      655F7400 
 1603              	.LASF93:
 1604 0411 63707573 		.ascii	"cpussCm4PwrCtlOffset\000"
 1604      73436D34 
 1604      50777243 
 1604      746C4F66 
 1604      66736574 
 1605              	.LASF51:
 1606 0426 65704D6F 		.ascii	"epMonitorNr\000"
 1606      6E69746F 
 1606      724E7200 
 1607              	.LASF115:
 1608 0432 72785269 		.ascii	"rxRingBufHead\000"
 1608      6E674275 
 1608      66486561 
 1608      6400
 1609              	.LASF94:
 1610 0440 63707573 		.ascii	"cpussTrimRamCtlOffset\000"
ARM GAS  C:\Users\User\AppData\Local\Temp\ccqTpoBE.s 			page 36


 1610      73547269 
 1610      6D52616D 
 1610      43746C4F 
 1610      66667365 
 1611              	.LASF89:
 1612 0456 63707573 		.ascii	"cpussCm0ClockCtlOffset\000"
 1612      73436D30 
 1612      436C6F63 
 1612      6B43746C 
 1612      4F666673 
 1613              	.LASF29:
 1614 046d 63707573 		.ascii	"cpussVersion\000"
 1614      73566572 
 1614      73696F6E 
 1614      00
 1615              	.LASF36:
 1616 047a 70657269 		.ascii	"periVersion\000"
 1616      56657273 
 1616      696F6E00 
 1617              	.LASF92:
 1618 0486 63707573 		.ascii	"cpussCm0StatusOffset\000"
 1618      73436D30 
 1618      53746174 
 1618      75734F66 
 1618      66736574 
 1619              	.LASF17:
 1620 049b 73697A65 		.ascii	"sizetype\000"
 1620      74797065 
 1620      00
 1621              	.LASF66:
 1622 04a4 64774368 		.ascii	"dwChOffset\000"
 1622      4F666673 
 1622      657400
 1623              	.LASF41:
 1624 04af 63707573 		.ascii	"cpussFlashPaSize\000"
 1624      73466C61 
 1624      73685061 
 1624      53697A65 
 1624      00
 1625              	.LASF79:
 1626 04c0 70657269 		.ascii	"periDivCmdPaTypeSelPos\000"
 1626      44697643 
 1626      6D645061 
 1626      54797065 
 1626      53656C50 
 1627              	.LASF102:
 1628 04d7 63707573 		.ascii	"cpussRam2Ctl0\000"
 1628      7352616D 
 1628      3243746C 
 1628      3000
 1629              	.LASF70:
 1630 04e5 64775374 		.ascii	"dwStatusChIdxPos\000"
 1630      61747573 
 1630      43684964 
 1630      78506F73 
 1630      00
 1631              	.LASF52:
ARM GAS  C:\Users\User\AppData\Local\Temp\ccqTpoBE.s 			page 37


 1632 04f6 75646250 		.ascii	"udbPresent\000"
 1632      72657365 
 1632      6E7400
 1633              	.LASF112:
 1634 0501 72785374 		.ascii	"rxStatus\000"
 1634      61747573 
 1634      00
 1635              	.LASF32:
 1636 050a 666C6173 		.ascii	"flashcVersion\000"
 1636      68635665 
 1636      7273696F 
 1636      6E00
 1637              	.LASF28:
 1638 0518 63727970 		.ascii	"cryptoBase\000"
 1638      746F4261 
 1638      736500
 1639              	.LASF49:
 1640 0523 736D6966 		.ascii	"smifDeviceNr\000"
 1640      44657669 
 1640      63654E72 
 1640      00
 1641              	.LASF137:
 1642 0530 5F5F656E 		.ascii	"__enable_irq\000"
 1642      61626C65 
 1642      5F697271 
 1642      00
 1643              	.LASF107:
 1644 053d 666C6F61 		.ascii	"float\000"
 1644      7400
 1645              	.LASF71:
 1646 0543 64775374 		.ascii	"dwStatusChIdxMsk\000"
 1646      61747573 
 1646      43684964 
 1646      784D736B 
 1646      00
 1647              	.LASF128:
 1648 0554 63795F64 		.ascii	"cy_device\000"
 1648      65766963 
 1648      6500
 1649              	.LASF99:
 1650 055e 63707573 		.ascii	"cpussRomCtl\000"
 1650      73526F6D 
 1650      43746C00 
 1651              	.LASF69:
 1652 056a 64774368 		.ascii	"dwChCtlPreemptablePos\000"
 1652      43746C50 
 1652      7265656D 
 1652      70746162 
 1652      6C65506F 
 1653              	.LASF122:
 1654 0580 74784C65 		.ascii	"txLeftToTransmit\000"
 1654      6674546F 
 1654      5472616E 
 1654      736D6974 
 1654      00
 1655              	.LASF22:
 1656 0591 75646242 		.ascii	"udbBase\000"
ARM GAS  C:\Users\User\AppData\Local\Temp\ccqTpoBE.s 			page 38


 1656      61736500 
 1657              	.LASF109:
 1658 0599 5F426F6F 		.ascii	"_Bool\000"
 1658      6C00
 1659              	.LASF1:
 1660 059f 756E7369 		.ascii	"unsigned char\000"
 1660      676E6564 
 1660      20636861 
 1660      7200
 1661              	.LASF65:
 1662 05ad 666C6173 		.ascii	"flashCtlMainWs4Freq\000"
 1662      6843746C 
 1662      4D61696E 
 1662      57733446 
 1662      72657100 
 1663              	.LASF0:
 1664 05c1 73686F72 		.ascii	"short int\000"
 1664      7420696E 
 1664      7400
 1665              	.LASF76:
 1666 05cb 70657269 		.ascii	"periDivCmdDivSelMsk\000"
 1666      44697643 
 1666      6D644469 
 1666      7653656C 
 1666      4D736B00 
 1667              	.LASF132:
 1668 05df 6D554152 		.ascii	"mUART_Start\000"
 1668      545F5374 
 1668      61727400 
 1669              	.LASF47:
 1670 05eb 73727373 		.ascii	"srssNumHfroot\000"
 1670      4E756D48 
 1670      66726F6F 
 1670      7400
 1671              	.LASF60:
 1672 05f9 666C6173 		.ascii	"flashEraseDelay\000"
 1672      68457261 
 1672      73654465 
 1672      6C617900 
 1673              	.LASF16:
 1674 0609 75696E74 		.ascii	"uint32_t\000"
 1674      33325F74 
 1674      00
 1675              	.LASF98:
 1676 0612 63707573 		.ascii	"cpussCm4NmiCtlOffset\000"
 1676      73436D34 
 1676      4E6D6943 
 1676      746C4F66 
 1676      66736574 
 1677              	.LASF133:
 1678 0627 474E5520 		.ascii	"GNU C11 5.4.1 20160609 (release) [ARM/embedded-5-br"
 1678      43313120 
 1678      352E342E 
 1678      31203230 
 1678      31363036 
 1679 065a 616E6368 		.ascii	"anch revision 237715] -mcpu=cortex-m0plus -mthumb -"
 1679      20726576 
ARM GAS  C:\Users\User\AppData\Local\Temp\ccqTpoBE.s 			page 39


 1679      6973696F 
 1679      6E203233 
 1679      37373135 
 1680 068d 67202D4F 		.ascii	"g -Og -ffunction-sections -ffat-lto-objects\000"
 1680      67202D66 
 1680      66756E63 
 1680      74696F6E 
 1680      2D736563 
 1681              	.LASF18:
 1682 06b9 6C6F6E67 		.ascii	"long double\000"
 1682      20646F75 
 1682      626C6500 
 1683              	.LASF106:
 1684 06c5 63686172 		.ascii	"char\000"
 1684      00
 1685              	.LASF37:
 1686 06ca 70726F74 		.ascii	"protVersion\000"
 1686      56657273 
 1686      696F6E00 
 1687              	.LASF100:
 1688 06d6 63707573 		.ascii	"cpussRam0Ctl0\000"
 1688      7352616D 
 1688      3043746C 
 1688      3000
 1689              	.LASF5:
 1690 06e4 5F5F7569 		.ascii	"__uint16_t\000"
 1690      6E743136 
 1690      5F7400
 1691              	.LASF81:
 1692 06ef 70657269 		.ascii	"periDiv16CtlOffset\000"
 1692      44697631 
 1692      3643746C 
 1692      4F666673 
 1692      657400
 1693              	.LASF34:
 1694 0702 6873696F 		.ascii	"hsiomVersion\000"
 1694      6D566572 
 1694      73696F6E 
 1694      00
 1695              	.LASF59:
 1696 070f 666C6173 		.ascii	"flashProgramDelay\000"
 1696      6850726F 
 1696      6772616D 
 1696      44656C61 
 1696      7900
 1697              	.LASF114:
 1698 0721 72785269 		.ascii	"rxRingBufSize\000"
 1698      6E674275 
 1698      6653697A 
 1698      6500
 1699              	.LASF6:
 1700 072f 73686F72 		.ascii	"short unsigned int\000"
 1700      7420756E 
 1700      7369676E 
 1700      65642069 
 1700      6E7400
 1701              	.LASF67:
ARM GAS  C:\Users\User\AppData\Local\Temp\ccqTpoBE.s 			page 40


 1702 0742 64774368 		.ascii	"dwChSize\000"
 1702      53697A65 
 1702      00
 1703              	.LASF103:
 1704 074b 69706353 		.ascii	"ipcStructSize\000"
 1704      74727563 
 1704      7453697A 
 1704      6500
 1705              	.LASF42:
 1706 0759 63707573 		.ascii	"cpussIpc0Irq\000"
 1706      73497063 
 1706      30497271 
 1706      00
 1707              	.LASF85:
 1708 0766 6770696F 		.ascii	"gpioPrtCfgOffset\000"
 1708      50727443 
 1708      66674F66 
 1708      66736574 
 1708      00
 1709              	.LASF124:
 1710 0777 696E6974 		.ascii	"initKey\000"
 1710      4B657900 
 1711              	.LASF117:
 1712 077f 72784275 		.ascii	"rxBuf\000"
 1712      6600
 1713              	.LASF125:
 1714 0785 63795F73 		.ascii	"cy_stc_scb_uart_context_t\000"
 1714      74635F73 
 1714      63625F75 
 1714      6172745F 
 1714      636F6E74 
 1715              	.LASF44:
 1716 079f 63707573 		.ascii	"cpussNotConnectedIrq\000"
 1716      734E6F74 
 1716      436F6E6E 
 1716      65637465 
 1716      64497271 
 1717              	.LASF58:
 1718 07b4 666C6173 		.ascii	"flashWriteDelay\000"
 1718      68577269 
 1718      74654465 
 1718      6C617900 
 1719              	.LASF13:
 1720 07c4 75696E74 		.ascii	"uint8_t\000"
 1720      385F7400 
 1721              	.LASF91:
 1722 07cc 63707573 		.ascii	"cpussCm4StatusOffset\000"
 1722      73436D34 
 1722      53746174 
 1722      75734F66 
 1722      66736574 
 1723              	.LASF84:
 1724 07e1 6770696F 		.ascii	"gpioPrtIntrCfgOffset\000"
 1724      50727449 
 1724      6E747243 
 1724      66674F66 
 1724      66736574 
ARM GAS  C:\Users\User\AppData\Local\Temp\ccqTpoBE.s 			page 41


 1725              	.LASF116:
 1726 07f6 72785269 		.ascii	"rxRingBufTail\000"
 1726      6E674275 
 1726      66546169 
 1726      6C00
 1727              	.LASF95:
 1728 0804 63707573 		.ascii	"cpussTrimRomCtlOffset\000"
 1728      73547269 
 1728      6D526F6D 
 1728      43746C4F 
 1728      66667365 
 1729              	.LASF111:
 1730 081a 74785374 		.ascii	"txStatus\000"
 1730      61747573 
 1730      00
 1731              	.LASF31:
 1732 0823 64775665 		.ascii	"dwVersion\000"
 1732      7273696F 
 1732      6E00
 1733              	.LASF27:
 1734 082d 69706342 		.ascii	"ipcBase\000"
 1734      61736500 
 1735              	.LASF78:
 1736 0835 70657269 		.ascii	"periDivCmdPaDivSelPos\000"
 1736      44697643 
 1736      6D645061 
 1736      44697653 
 1736      656C506F 
 1737              	.LASF136:
 1738 084b 63795F73 		.ascii	"cy_stc_scb_uart_context\000"
 1738      74635F73 
 1738      63625F75 
 1738      6172745F 
 1738      636F6E74 
 1739              	.LASF56:
 1740 0863 666C6173 		.ascii	"flashRwwRequired\000"
 1740      68527777 
 1740      52657175 
 1740      69726564 
 1740      00
 1741              		.ident	"GCC: (GNU Tools for ARM Embedded Processors) 5.4.1 20160609 (release) [ARM/embedded-5-bran
